#
# There is insufficient memory for the Java Runtime Environment to continue.
# Native memory allocation (malloc) failed to allocate 1163552 bytes for Chunk::new
# Possible reasons:
#   The system is out of physical RAM or swap space
#   The process is running with CompressedOops enabled, and the Java Heap may be blocking the growth of the native heap
# Possible solutions:
#   Reduce memory load on the system
#   Increase physical memory or swap space
#   Check if swap backing store is full
#   Decrease Java heap size (-Xmx/-Xms)
#   Decrease number of Java threads
#   Decrease Java thread stack sizes (-Xss)
#   Set larger code cache with -XX:ReservedCodeCacheSize=
#   JVM is running with Unscaled Compressed Oops mode in which the Java heap is
#     placed in the first 4GB address space. The Java Heap base address is the
#     maximum limit for the native heap growth. Please use -XX:HeapBaseMinAddress
#     to set the Java Heap base and to place the Java Heap above 4GB virtual address.
# This output file may be truncated or incomplete.
#
#  Out of Memory Error (arena.cpp:189), pid=21520, tid=20148
#
# JRE version: OpenJDK Runtime Environment (17.0+35) (build 17+35-2724)
# Java VM: OpenJDK 64-Bit Server VM (17+35-2724, mixed mode, sharing, tiered, compressed oops, compressed class ptrs, g1 gc, windows-amd64)
# No core dump will be written. Minidumps are not enabled by default on client versions of Windows
#

---------------  S U M M A R Y ------------

Command Line: --add-opens=java.base/java.util=ALL-UNNAMED --add-opens=java.base/java.lang=ALL-UNNAMED --add-opens=java.base/java.lang.invoke=ALL-UNNAMED --add-opens=java.prefs/java.util.prefs=ALL-UNNAMED --add-opens=java.base/java.nio.charset=ALL-UNNAMED --add-opens=java.base/java.net=ALL-UNNAMED --add-opens=java.base/java.util.concurrent.atomic=ALL-UNNAMED -XX:MaxMetaspaceSize=384m -XX:+HeapDumpOnOutOfMemoryError -Xms256m -Xmx512m -Dfile.encoding=UTF-8 -Duser.country=KR -Duser.language=ko -Duser.variant -javaagent:C:\Users\JUNG\.gradle\wrapper\dists\gradle-8.5-bin\5t9huq95ubn472n8rpzujfbqh\gradle-8.5\lib\agents\gradle-instrumentation-agent-8.5.jar org.gradle.launcher.daemon.bootstrap.GradleDaemon 8.5

Host: AMD Ryzen 7 PRO 4750G with Radeon Graphics, 16 cores, 15G,  Windows 10 , 64 bit Build 19041 (10.0.19041.3636)
Time: Mon Jan 29 11:08:42 2024  Windows 10 , 64 bit Build 19041 (10.0.19041.3636) elapsed time: 6.858751 seconds (0d 0h 0m 6s)

---------------  T H R E A D  ---------------

Current thread (0x000001dbd2df54f0):  JavaThread "C2 CompilerThread0" daemon [_thread_in_native, id=20148, stack(0x000000433ff00000,0x0000004340000000)]


Current CompileTask:
C2:   6858 6232 %     4       groovy.lang.MetaClassImpl::inheritInterfaceNewMetaMethods @ 100 (195 bytes)

Stack: [0x000000433ff00000,0x0000004340000000]
Native frames: (J=compiled Java code, j=interpreted, Vv=VM code, C=native code)
V  [jvm.dll+0x66f8ea]
V  [jvm.dll+0x7ce224]
V  [jvm.dll+0x7cf9ce]
V  [jvm.dll+0x7d0033]
V  [jvm.dll+0x242bb5]
V  [jvm.dll+0xaa05b]
V  [jvm.dll+0xaa5ec]
V  [jvm.dll+0x35f9f7]
V  [jvm.dll+0x1b9a08]
V  [jvm.dll+0x215df9]
V  [jvm.dll+0x2150c1]
V  [jvm.dll+0x1a168d]
V  [jvm.dll+0x2248f8]
V  [jvm.dll+0x222a5c]
V  [jvm.dll+0x78422b]
V  [jvm.dll+0x77e7ea]
V  [jvm.dll+0x66e715]
C  [ucrtbase.dll+0x21bb2]
C  [KERNEL32.DLL+0x17344]
C  [ntdll.dll+0x526b1]


---------------  P R O C E S S  ---------------

Threads class SMR info:
_java_thread_list=0x000001dbdc5e12e0, length=73, elements={
0x000001dbb5b48f20, 0x000001dbd2dc9ab0, 0x000001dbd2dca830, 0x000001dbd2de7e80,
0x000001dbd2de8740, 0x000001dbd2de9000, 0x000001dbd2def8e0, 0x000001dbd2df54f0,
0x000001dbd3810e90, 0x000001dbd3841f60, 0x000001dbd3925950, 0x000001dbd39292a0,
0x000001dbd3929aa0, 0x000001dbd3a95ed0, 0x000001dbd460cb10, 0x000001dbd60e0360,
0x000001dbd396ef70, 0x000001dbd54bd410, 0x000001dbd5c26e40, 0x000001dbd57a47c0,
0x000001dbd5a609c0, 0x000001dbd663bc00, 0x000001dbd46cac20, 0x000001dbd5abd040,
0x000001dbd5502710, 0x000001dbd5500a30, 0x000001dbd54ffbc0, 0x000001dbd632e1b0,
0x000001dbd5500560, 0x000001dbd64864a0, 0x000001dbd54fed50, 0x000001dbd55013d0,
0x000001dbd55018a0, 0x000001dbd54ff220, 0x000001dbd54ff6f0, 0x000001dbd5500090,
0x000001dbd5501d70, 0x000001dbd5502240, 0x000001dbd699b670, 0x000001dbd699ce80,
0x000001dbd6998ff0, 0x000001dbd6997cb0, 0x000001dbd6995b00, 0x000001dbd6998180,
0x000001dbd6995fd0, 0x000001dbd699c010, 0x000001dbd6999e60, 0x000001dbd699d350,
0x000001dbd6998b20, 0x000001dbd699a330, 0x000001dbd6998650, 0x000001dbd69994c0,
0x000001dbd69977e0, 0x000001dbd699a800, 0x000001dbd6ebc7e0, 0x000001dbd699b1a0,
0x000001dbd6996e40, 0x000001dbd6aa93c0, 0x000001dbd6aa6d40, 0x000001dbd6aab0a0,
0x000001dbd6aab570, 0x000001dbd6aa8ef0, 0x000001dbd6aa8080, 0x000001dbd6aaa230,
0x000001dbd6aaba40, 0x000001dbd6aa63a0, 0x000001dbd6aac3e0, 0x000001dbd6aa7210,
0x000001dbd6aaa700, 0x000001dbd6aabf10, 0x000001dbd6aa6870, 0x000001dbd6aa5060,
0x000001dbd6aa8550
}

Java Threads: ( => current thread )
  0x000001dbb5b48f20 JavaThread "main" [_thread_blocked, id=17852, stack(0x000000433f200000,0x000000433f300000)]
  0x000001dbd2dc9ab0 JavaThread "Reference Handler" daemon [_thread_blocked, id=18392, stack(0x000000433f900000,0x000000433fa00000)]
  0x000001dbd2dca830 JavaThread "Finalizer" daemon [_thread_blocked, id=16132, stack(0x000000433fa00000,0x000000433fb00000)]
  0x000001dbd2de7e80 JavaThread "Signal Dispatcher" daemon [_thread_blocked, id=21536, stack(0x000000433fb00000,0x000000433fc00000)]
  0x000001dbd2de8740 JavaThread "Attach Listener" daemon [_thread_blocked, id=32688, stack(0x000000433fc00000,0x000000433fd00000)]
  0x000001dbd2de9000 JavaThread "Service Thread" daemon [_thread_blocked, id=17444, stack(0x000000433fd00000,0x000000433fe00000)]
  0x000001dbd2def8e0 JavaThread "Monitor Deflation Thread" daemon [_thread_blocked, id=21348, stack(0x000000433fe00000,0x000000433ff00000)]
=>0x000001dbd2df54f0 JavaThread "C2 CompilerThread0" daemon [_thread_in_native, id=20148, stack(0x000000433ff00000,0x0000004340000000)]
  0x000001dbd3810e90 JavaThread "C1 CompilerThread0" daemon [_thread_blocked, id=23472, stack(0x0000004340000000,0x0000004340100000)]
  0x000001dbd3841f60 JavaThread "Sweeper thread" daemon [_thread_blocked, id=22392, stack(0x0000004340100000,0x0000004340200000)]
  0x000001dbd3925950 JavaThread "Common-Cleaner" daemon [_thread_blocked, id=25588, stack(0x0000004340200000,0x0000004340300000)]
  0x000001dbd39292a0 JavaThread "C1 CompilerThread1" daemon [_thread_blocked, id=28268, stack(0x0000004340300000,0x0000004340400000)]
  0x000001dbd3929aa0 JavaThread "C1 CompilerThread2" daemon [_thread_blocked, id=31456, stack(0x0000004340400000,0x0000004340500000)]
  0x000001dbd3a95ed0 JavaThread "Notification Thread" daemon [_thread_blocked, id=19156, stack(0x0000004340600000,0x0000004340700000)]
  0x000001dbd460cb10 JavaThread "C1 CompilerThread3" daemon [_thread_blocked, id=30472, stack(0x0000004340f00000,0x0000004341000000)]
  0x000001dbd60e0360 JavaThread "Daemon health stats" [_thread_blocked, id=22092, stack(0x0000004341000000,0x0000004341100000)]
  0x000001dbd396ef70 JavaThread "Incoming local TCP Connector on port 52525" [_thread_in_native, id=31016, stack(0x0000004340500000,0x0000004340600000)]
  0x000001dbd54bd410 JavaThread "Daemon periodic checks" [_thread_blocked, id=23904, stack(0x0000004340800000,0x0000004340900000)]
  0x000001dbd5c26e40 JavaThread "Daemon" [_thread_blocked, id=20252, stack(0x0000004340900000,0x0000004340a00000)]
  0x000001dbd57a47c0 JavaThread "Handler for socket connection from /127.0.0.1:52525 to /127.0.0.1:52526" [_thread_in_native, id=22596, stack(0x0000004341100000,0x0000004341200000)]
  0x000001dbd5a609c0 JavaThread "Cancel handler" [_thread_blocked, id=21300, stack(0x0000004341200000,0x0000004341300000)]
  0x000001dbd663bc00 JavaThread "Daemon worker" [_thread_in_Java, id=11132, stack(0x0000004341300000,0x0000004341400000)]
  0x000001dbd46cac20 JavaThread "Asynchronous log dispatcher for DefaultDaemonConnection: socket connection from /127.0.0.1:52525 to /127.0.0.1:52526" [_thread_blocked, id=25504, stack(0x0000004341400000,0x0000004341500000)]
  0x000001dbd5abd040 JavaThread "Stdin handler" [_thread_blocked, id=10368, stack(0x0000004341500000,0x0000004341600000)]
  0x000001dbd5502710 JavaThread "Daemon client event forwarder" [_thread_blocked, id=18820, stack(0x0000004341600000,0x0000004341700000)]
  0x000001dbd5500a30 JavaThread "Cache worker for journal cache (C:\Users\JUNG\.gradle\caches\journal-1)" [_thread_blocked, id=28064, stack(0x0000004341700000,0x0000004341800000)]
  0x000001dbd54ffbc0 JavaThread "File lock request listener" [_thread_in_native, id=6880, stack(0x0000004341800000,0x0000004341900000)]
  0x000001dbd632e1b0 JavaThread "C2 CompilerThread1" daemon [_thread_blocked, id=33268, stack(0x0000004341900000,0x0000004341a00000)]
  0x000001dbd5500560 JavaThread "Cache worker for file hash cache (C:\Users\JUNG\.gradle\caches\8.5\fileHashes)" [_thread_blocked, id=30260, stack(0x0000004341a00000,0x0000004341b00000)]
  0x000001dbd64864a0 JavaThread "C2 CompilerThread2" daemon [_thread_blocked, id=16184, stack(0x0000004341b00000,0x0000004341c00000)]
  0x000001dbd54fed50 JavaThread "File watcher server" daemon [_thread_in_native, id=23496, stack(0x0000004341d00000,0x0000004341e00000)]
  0x000001dbd55013d0 JavaThread "File watcher consumer" daemon [_thread_blocked, id=29268, stack(0x0000004341e00000,0x0000004341f00000)]
  0x000001dbd55018a0 JavaThread "jar transforms" [_thread_blocked, id=22868, stack(0x0000004342800000,0x0000004342900000)]
  0x000001dbd54ff220 JavaThread "jar transforms Thread 2" [_thread_blocked, id=28060, stack(0x0000004342900000,0x0000004342a00000)]
  0x000001dbd54ff6f0 JavaThread "jar transforms Thread 3" [_thread_blocked, id=16856, stack(0x0000004342a00000,0x0000004342b00000)]
  0x000001dbd5500090 JavaThread "jar transforms Thread 4" [_thread_blocked, id=30420, stack(0x0000004342b00000,0x0000004342c00000)]
  0x000001dbd5501d70 JavaThread "jar transforms Thread 5" [_thread_blocked, id=4604, stack(0x0000004342c00000,0x0000004342d00000)]
  0x000001dbd5502240 JavaThread "jar transforms Thread 6" [_thread_blocked, id=18848, stack(0x0000004342d00000,0x0000004342e00000)]
  0x000001dbd699b670 JavaThread "jar transforms Thread 7" [_thread_blocked, id=7500, stack(0x0000004342e00000,0x0000004342f00000)]
  0x000001dbd699ce80 JavaThread "jar transforms Thread 8" [_thread_blocked, id=31312, stack(0x0000004342f00000,0x0000004343000000)]
  0x000001dbd6998ff0 JavaThread "jar transforms Thread 9" [_thread_blocked, id=22604, stack(0x0000004343000000,0x0000004343100000)]
  0x000001dbd6997cb0 JavaThread "jar transforms Thread 10" [_thread_blocked, id=14760, stack(0x0000004343100000,0x0000004343200000)]
  0x000001dbd6995b00 JavaThread "jar transforms Thread 11" [_thread_blocked, id=26600, stack(0x0000004343200000,0x0000004343300000)]
  0x000001dbd6998180 JavaThread "jar transforms Thread 12" [_thread_blocked, id=12208, stack(0x0000004343300000,0x0000004343400000)]
  0x000001dbd6995fd0 JavaThread "jar transforms Thread 13" [_thread_blocked, id=15952, stack(0x0000004343400000,0x0000004343500000)]
  0x000001dbd699c010 JavaThread "jar transforms Thread 14" [_thread_blocked, id=1096, stack(0x0000004343500000,0x0000004343600000)]
  0x000001dbd6999e60 JavaThread "jar transforms Thread 15" [_thread_blocked, id=24860, stack(0x0000004343600000,0x0000004343700000)]
  0x000001dbd699d350 JavaThread "jar transforms Thread 16" [_thread_blocked, id=25236, stack(0x0000004343700000,0x0000004343800000)]
  0x000001dbd6998b20 JavaThread "Cache worker for checksums cache (C:\Users\JUNG\Desktop\sparta\TodoApp\.gradle\8.5\checksums)" [_thread_blocked, id=24528, stack(0x0000004343800000,0x0000004343900000)]
  0x000001dbd699a330 JavaThread "Cache worker for file hash cache (C:\Users\JUNG\Desktop\sparta\TodoApp\.gradle\8.5\fileHashes)" [_thread_blocked, id=22036, stack(0x0000004343900000,0x0000004343a00000)]
  0x000001dbd6998650 JavaThread "Cache worker for cache directory md-supplier (C:\Users\JUNG\.gradle\caches\8.5\md-supplier)" [_thread_blocked, id=18096, stack(0x0000004343a00000,0x0000004343b00000)]
  0x000001dbd69994c0 JavaThread "Cache worker for cache directory md-rule (C:\Users\JUNG\.gradle\caches\8.5\md-rule)" [_thread_blocked, id=6152, stack(0x0000004343b00000,0x0000004343c00000)]
  0x000001dbd69977e0 JavaThread "Cache worker for file content cache (C:\Users\JUNG\.gradle\caches\8.5\fileContent)" [_thread_blocked, id=27652, stack(0x0000004343c00000,0x0000004343d00000)]
  0x000001dbd699a800 JavaThread "Cache worker for execution history cache (C:\Users\JUNG\.gradle\caches\8.5\executionHistory)" [_thread_blocked, id=9248, stack(0x0000004343d00000,0x0000004343e00000)]
  0x000001dbd6ebc7e0 JavaThread "C2 CompilerThread3" daemon [_thread_in_native, id=30148, stack(0x0000004341c00000,0x0000004341d00000)]
  0x000001dbd699b1a0 JavaThread "Cache worker for dependencies-accessors (C:\Users\JUNG\Desktop\sparta\TodoApp\.gradle\8.5\dependencies-accessors)" [_thread_blocked, id=18168, stack(0x0000004343e00000,0x0000004343f00000)]
  0x000001dbd6996e40 JavaThread "Cache worker for Build Output Cleanup Cache (C:\Users\JUNG\Desktop\sparta\TodoApp\.gradle\buildOutputCleanup)" [_thread_blocked, id=3416, stack(0x0000004343f00000,0x0000004344000000)]
  0x000001dbd6aa93c0 JavaThread "Unconstrained build operations" [_thread_blocked, id=3500, stack(0x0000004344000000,0x0000004344100000)]
  0x000001dbd6aa6d40 JavaThread "Unconstrained build operations Thread 2" [_thread_blocked, id=31484, stack(0x0000004344100000,0x0000004344200000)]
  0x000001dbd6aab0a0 JavaThread "Unconstrained build operations Thread 3" [_thread_blocked, id=31428, stack(0x0000004344200000,0x0000004344300000)]
  0x000001dbd6aab570 JavaThread "Unconstrained build operations Thread 4" [_thread_blocked, id=28488, stack(0x0000004344300000,0x0000004344400000)]
  0x000001dbd6aa8ef0 JavaThread "Unconstrained build operations Thread 5" [_thread_blocked, id=5148, stack(0x0000004344400000,0x0000004344500000)]
  0x000001dbd6aa8080 JavaThread "Unconstrained build operations Thread 6" [_thread_blocked, id=3304, stack(0x0000004344500000,0x0000004344600000)]
  0x000001dbd6aaa230 JavaThread "Unconstrained build operations Thread 7" [_thread_blocked, id=5168, stack(0x0000004344600000,0x0000004344700000)]
  0x000001dbd6aaba40 JavaThread "Unconstrained build operations Thread 8" [_thread_blocked, id=22692, stack(0x0000004344700000,0x0000004344800000)]
  0x000001dbd6aa63a0 JavaThread "Unconstrained build operations Thread 9" [_thread_blocked, id=18612, stack(0x0000004344800000,0x0000004344900000)]
  0x000001dbd6aac3e0 JavaThread "Unconstrained build operations Thread 10" [_thread_blocked, id=8696, stack(0x0000004344900000,0x0000004344a00000)]
  0x000001dbd6aa7210 JavaThread "Unconstrained build operations Thread 11" [_thread_blocked, id=22028, stack(0x0000004344a00000,0x0000004344b00000)]
  0x000001dbd6aaa700 JavaThread "Unconstrained build operations Thread 12" [_thread_blocked, id=23892, stack(0x0000004344b00000,0x0000004344c00000)]
  0x000001dbd6aabf10 JavaThread "Unconstrained build operations Thread 13" [_thread_blocked, id=18780, stack(0x0000004344c00000,0x0000004344d00000)]
  0x000001dbd6aa6870 JavaThread "Unconstrained build operations Thread 14" [_thread_blocked, id=24700, stack(0x0000004344d00000,0x0000004344e00000)]
  0x000001dbd6aa5060 JavaThread "Unconstrained build operations Thread 15" [_thread_blocked, id=24500, stack(0x0000004344e00000,0x0000004344f00000)]
  0x000001dbd6aa8550 JavaThread "Memory manager" [_thread_blocked, id=30964, stack(0x0000004344f00000,0x0000004345000000)]

Other Threads:
  0x000001dbd2dc5fb0 VMThread "VM Thread" [stack: 0x000000433f800000,0x000000433f900000] [id=7568]
  0x000001dbb5b93a00 WatcherThread [stack: 0x0000004340700000,0x0000004340800000] [id=6536]
  0x000001dbb5b72410 GCTaskThread "GC Thread#0" [stack: 0x000000433f300000,0x000000433f400000] [id=23392]
  0x000001dbd51e9c40 GCTaskThread "GC Thread#1" [stack: 0x0000004340a00000,0x0000004340b00000] [id=26364]
  0x000001dbd5754680 GCTaskThread "GC Thread#2" [stack: 0x0000004340b00000,0x0000004340c00000] [id=28172]
  0x000001dbd5754930 GCTaskThread "GC Thread#3" [stack: 0x0000004340c00000,0x0000004340d00000] [id=20820]
  0x000001dbd5dd9b40 GCTaskThread "GC Thread#4" [stack: 0x0000004340d00000,0x0000004340e00000] [id=14784]
  0x000001dbd4b6f390 GCTaskThread "GC Thread#5" [stack: 0x0000004340e00000,0x0000004340f00000] [id=24292]
  0x000001dbd4b6e0c0 GCTaskThread "GC Thread#6" [stack: 0x0000004341f00000,0x0000004342000000] [id=31960]
  0x000001dbd822fa10 GCTaskThread "GC Thread#7" [stack: 0x0000004342000000,0x0000004342100000] [id=14208]
  0x000001dbd822fcc0 GCTaskThread "GC Thread#8" [stack: 0x0000004342100000,0x0000004342200000] [id=29176]
  0x000001dbd822dc80 GCTaskThread "GC Thread#9" [stack: 0x0000004342200000,0x0000004342300000] [id=26120]
  0x000001dbd822c9b0 GCTaskThread "GC Thread#10" [stack: 0x0000004342300000,0x0000004342400000] [id=25840]
  0x000001dbd822e1e0 GCTaskThread "GC Thread#11" [stack: 0x0000004342400000,0x0000004342500000] [id=26844]
  0x000001dbd822e740 GCTaskThread "GC Thread#12" [stack: 0x0000004342500000,0x0000004342600000] [id=19164]
  0x000001dbb5b77260 ConcurrentGCThread "G1 Main Marker" [stack: 0x000000433f400000,0x000000433f500000] [id=25212]
  0x000001dbb5b77b80 ConcurrentGCThread "G1 Conc#0" [stack: 0x000000433f500000,0x000000433f600000] [id=12988]
  0x000001dbd822eca0 ConcurrentGCThread "G1 Conc#1" [stack: 0x0000004342600000,0x0000004342700000] [id=1148]
  0x000001dbd822e9f0 ConcurrentGCThread "G1 Conc#2" [stack: 0x0000004342700000,0x0000004342800000] [id=14912]
  0x000001dbb5c1e190 ConcurrentGCThread "G1 Refine#0" [stack: 0x000000433f600000,0x000000433f700000] [id=27668]
  0x000001dbb5c1eac0 ConcurrentGCThread "G1 Service" [stack: 0x000000433f700000,0x000000433f800000] [id=8864]

Threads with active compile tasks:
C2 CompilerThread0     6884 6232 %     4       groovy.lang.MetaClassImpl::inheritInterfaceNewMetaMethods @ 100 (195 bytes)
C1 CompilerThread0     6884 6283       3       org.codehaus.groovy.reflection.ClassInfo::getWeakMetaClass (21 bytes)
C1 CompilerThread2     6884 6284       3       org.codehaus.groovy.reflection.ClassInfo::isValidWeakMetaClass (30 bytes)
C2 CompilerThread3     6884 6218       4       sun.reflect.generics.parser.SignatureParser::parsePackageNameAndSimpleClassTypeSignature (119 bytes)

VM state: not at safepoint (normal execution)

VM Mutex/Monitor currently owned by a thread: None

Heap address: 0x00000000e0000000, size: 512 MB, Compressed Oops mode: 32-bit

CDS archive(s) mapped at: [0x0000000800000000-0x0000000800bc0000-0x0000000800bc0000), size 12320768, SharedBaseAddress: 0x0000000800000000, ArchiveRelocationMode: 0.
Compressed class space mapped at: 0x0000000800c00000-0x0000000814000000, reserved size: 322961408
Narrow klass base: 0x0000000800000000, Narrow klass shift: 0, Narrow klass range: 0x100000000

GC Precious Log:
 CPUs: 16 total, 16 available
 Memory: 15679M
 Large Page Support: Disabled
 NUMA Support: Disabled
 Compressed Oops: Enabled (32-bit)
 Heap Region Size: 1M
 Heap Min Capacity: 256M
 Heap Initial Capacity: 256M
 Heap Max Capacity: 512M
 Pre-touch: Disabled
 Parallel Workers: 13
 Concurrent Workers: 3
 Concurrent Refinement Workers: 13
 Periodic GC: Disabled

Heap:
 garbage-first heap   total 262144K, used 133392K [0x00000000e0000000, 0x0000000100000000)
  region size 1024K, 57 young (58368K), 10 survivors (10240K)
 Metaspace       used 51025K, committed 51712K, reserved 364544K
  class space    used 7207K, committed 7552K, reserved 315392K

Heap Regions: E=young(eden), S=young(survivor), O=old, HS=humongous(starts), HC=humongous(continues), CS=collection set, F=free, OA=open archive, CA=closed archive, TAMS=top-at-mark-start (previous, next)
|   0|0x00000000e0000000, 0x00000000e0100000, 0x00000000e0100000|100%|HS|  |TAMS 0x00000000e0100000, 0x00000000e0000000| Complete 
|   1|0x00000000e0100000, 0x00000000e0200000, 0x00000000e0200000|100%|HC|  |TAMS 0x00000000e0200000, 0x00000000e0100000| Complete 
|   2|0x00000000e0200000, 0x00000000e0300000, 0x00000000e0300000|100%|HC|  |TAMS 0x00000000e0300000, 0x00000000e0200000| Complete 
|   3|0x00000000e0300000, 0x00000000e0400000, 0x00000000e0400000|100%|HC|  |TAMS 0x00000000e0400000, 0x00000000e0300000| Complete 
|   4|0x00000000e0400000, 0x00000000e0500000, 0x00000000e0500000|100%| O|  |TAMS 0x00000000e0500000, 0x00000000e0400000| Untracked 
|   5|0x00000000e0500000, 0x00000000e0600000, 0x00000000e0600000|100%| O|  |TAMS 0x00000000e0600000, 0x00000000e0500000| Untracked 
|   6|0x00000000e0600000, 0x00000000e0700000, 0x00000000e0700000|100%| O|  |TAMS 0x00000000e0700000, 0x00000000e0600000| Untracked 
|   7|0x00000000e0700000, 0x00000000e0800000, 0x00000000e0800000|100%| O|  |TAMS 0x00000000e0800000, 0x00000000e0700000| Untracked 
|   8|0x00000000e0800000, 0x00000000e0900000, 0x00000000e0900000|100%| O|  |TAMS 0x00000000e0900000, 0x00000000e0800000| Untracked 
|   9|0x00000000e0900000, 0x00000000e0a00000, 0x00000000e0a00000|100%| O|  |TAMS 0x00000000e0a00000, 0x00000000e0900000| Untracked 
|  10|0x00000000e0a00000, 0x00000000e0b00000, 0x00000000e0b00000|100%| O|  |TAMS 0x00000000e0aada00, 0x00000000e0a00000| Untracked 
|  11|0x00000000e0b00000, 0x00000000e0c00000, 0x00000000e0c00000|100%|HS|  |TAMS 0x00000000e0c00000, 0x00000000e0b00000| Complete 
|  12|0x00000000e0c00000, 0x00000000e0d00000, 0x00000000e0d00000|100%|HC|  |TAMS 0x00000000e0d00000, 0x00000000e0c00000| Complete 
|  13|0x00000000e0d00000, 0x00000000e0e00000, 0x00000000e0e00000|100%|HS|  |TAMS 0x00000000e0e00000, 0x00000000e0d00000| Complete 
|  14|0x00000000e0e00000, 0x00000000e0f00000, 0x00000000e0f00000|100%|HC|  |TAMS 0x00000000e0f00000, 0x00000000e0e00000| Complete 
|  15|0x00000000e0f00000, 0x00000000e1000000, 0x00000000e1000000|100%|HC|  |TAMS 0x00000000e1000000, 0x00000000e0f00000| Complete 
|  16|0x00000000e1000000, 0x00000000e1100000, 0x00000000e1100000|100%|HS|  |TAMS 0x00000000e1100000, 0x00000000e1000000| Complete 
|  17|0x00000000e1100000, 0x00000000e1200000, 0x00000000e1200000|100%|HC|  |TAMS 0x00000000e1200000, 0x00000000e1100000| Complete 
|  18|0x00000000e1200000, 0x00000000e1300000, 0x00000000e1300000|100%|HC|  |TAMS 0x00000000e1300000, 0x00000000e1200000| Complete 
|  19|0x00000000e1300000, 0x00000000e1400000, 0x00000000e1400000|100%|HS|  |TAMS 0x00000000e1400000, 0x00000000e1300000| Complete 
|  20|0x00000000e1400000, 0x00000000e1500000, 0x00000000e1500000|100%|HC|  |TAMS 0x00000000e1500000, 0x00000000e1400000| Complete 
|  21|0x00000000e1500000, 0x00000000e1600000, 0x00000000e1600000|100%|HC|  |TAMS 0x00000000e1600000, 0x00000000e1500000| Complete 
|  22|0x00000000e1600000, 0x00000000e1700000, 0x00000000e1700000|100%|HS|  |TAMS 0x00000000e1600000, 0x00000000e1600000| Complete 
|  23|0x00000000e1700000, 0x00000000e1800000, 0x00000000e1800000|100%|HC|  |TAMS 0x00000000e1700000, 0x00000000e1700000| Complete 
|  24|0x00000000e1800000, 0x00000000e1900000, 0x00000000e1900000|100%|HC|  |TAMS 0x00000000e1800000, 0x00000000e1800000| Complete 
|  25|0x00000000e1900000, 0x00000000e1a00000, 0x00000000e1a00000|100%|HS|  |TAMS 0x00000000e1900000, 0x00000000e1900000| Complete 
|  26|0x00000000e1a00000, 0x00000000e1b00000, 0x00000000e1b00000|100%|HC|  |TAMS 0x00000000e1a00000, 0x00000000e1a00000| Complete 
|  27|0x00000000e1b00000, 0x00000000e1c00000, 0x00000000e1c00000|100%| O|  |TAMS 0x00000000e1b00000, 0x00000000e1b00000| Untracked 
|  28|0x00000000e1c00000, 0x00000000e1d00000, 0x00000000e1d00000|100%| O|  |TAMS 0x00000000e1c00000, 0x00000000e1c00000| Untracked 
|  29|0x00000000e1d00000, 0x00000000e1e00000, 0x00000000e1e00000|100%| O|  |TAMS 0x00000000e1d00000, 0x00000000e1d00000| Untracked 
|  30|0x00000000e1e00000, 0x00000000e1f00000, 0x00000000e1f00000|100%| O|  |TAMS 0x00000000e1e00000, 0x00000000e1e00000| Untracked 
|  31|0x00000000e1f00000, 0x00000000e2000000, 0x00000000e2000000|100%| O|  |TAMS 0x00000000e1f00000, 0x00000000e1f00000| Untracked 
|  32|0x00000000e2000000, 0x00000000e2100000, 0x00000000e2100000|100%| O|  |TAMS 0x00000000e2000000, 0x00000000e2000000| Untracked 
|  33|0x00000000e2100000, 0x00000000e2200000, 0x00000000e2200000|100%| O|  |TAMS 0x00000000e2100000, 0x00000000e2100000| Untracked 
|  34|0x00000000e2200000, 0x00000000e2300000, 0x00000000e2300000|100%| O|  |TAMS 0x00000000e2200000, 0x00000000e2200000| Untracked 
|  35|0x00000000e2300000, 0x00000000e2400000, 0x00000000e2400000|100%| O|  |TAMS 0x00000000e2300000, 0x00000000e2300000| Untracked 
|  36|0x00000000e2400000, 0x00000000e2500000, 0x00000000e2500000|100%| O|  |TAMS 0x00000000e2400000, 0x00000000e2400000| Untracked 
|  37|0x00000000e2500000, 0x00000000e2600000, 0x00000000e2600000|100%| O|  |TAMS 0x00000000e2500000, 0x00000000e2500000| Untracked 
|  38|0x00000000e2600000, 0x00000000e2700000, 0x00000000e2700000|100%| O|  |TAMS 0x00000000e2600000, 0x00000000e2600000| Untracked 
|  39|0x00000000e2700000, 0x00000000e2800000, 0x00000000e2800000|100%| O|  |TAMS 0x00000000e2700000, 0x00000000e2700000| Untracked 
|  40|0x00000000e2800000, 0x00000000e2900000, 0x00000000e2900000|100%| O|  |TAMS 0x00000000e2800000, 0x00000000e2800000| Untracked 
|  41|0x00000000e2900000, 0x00000000e2a00000, 0x00000000e2a00000|100%| O|  |TAMS 0x00000000e2900000, 0x00000000e2900000| Untracked 
|  42|0x00000000e2a00000, 0x00000000e2b00000, 0x00000000e2b00000|100%| O|  |TAMS 0x00000000e2a00000, 0x00000000e2a00000| Untracked 
|  43|0x00000000e2b00000, 0x00000000e2c00000, 0x00000000e2c00000|100%| O|  |TAMS 0x00000000e2b00000, 0x00000000e2b00000| Untracked 
|  44|0x00000000e2c00000, 0x00000000e2d00000, 0x00000000e2d00000|100%| O|  |TAMS 0x00000000e2c00000, 0x00000000e2c00000| Untracked 
|  45|0x00000000e2d00000, 0x00000000e2e00000, 0x00000000e2e00000|100%| O|  |TAMS 0x00000000e2d00000, 0x00000000e2d00000| Untracked 
|  46|0x00000000e2e00000, 0x00000000e2f00000, 0x00000000e2f00000|100%| O|  |TAMS 0x00000000e2e00000, 0x00000000e2e00000| Untracked 
|  47|0x00000000e2f00000, 0x00000000e3000000, 0x00000000e3000000|100%| O|  |TAMS 0x00000000e2f00000, 0x00000000e2f00000| Untracked 
|  48|0x00000000e3000000, 0x00000000e3092600, 0x00000000e3100000| 57%| O|  |TAMS 0x00000000e3000000, 0x00000000e3000000| Untracked 
|  49|0x00000000e3100000, 0x00000000e3200000, 0x00000000e3200000|100%|HS|  |TAMS 0x00000000e3100000, 0x00000000e3100000| Complete 
|  50|0x00000000e3200000, 0x00000000e3300000, 0x00000000e3300000|100%|HC|  |TAMS 0x00000000e3200000, 0x00000000e3200000| Complete 
|  51|0x00000000e3300000, 0x00000000e3400000, 0x00000000e3400000|100%|HC|  |TAMS 0x00000000e3300000, 0x00000000e3300000| Complete 
|  52|0x00000000e3400000, 0x00000000e3500000, 0x00000000e3500000|100%|HC|  |TAMS 0x00000000e3400000, 0x00000000e3400000| Complete 
|  53|0x00000000e3500000, 0x00000000e3600000, 0x00000000e3600000|100%|HC|  |TAMS 0x00000000e3500000, 0x00000000e3500000| Complete 
|  54|0x00000000e3600000, 0x00000000e3700000, 0x00000000e3700000|100%|HC|  |TAMS 0x00000000e3600000, 0x00000000e3600000| Complete 
|  55|0x00000000e3700000, 0x00000000e3800000, 0x00000000e3800000|100%|HS|  |TAMS 0x00000000e3700000, 0x00000000e3700000| Complete 
|  56|0x00000000e3800000, 0x00000000e3900000, 0x00000000e3900000|100%|HS|  |TAMS 0x00000000e3800000, 0x00000000e3800000| Complete 
|  57|0x00000000e3900000, 0x00000000e3a00000, 0x00000000e3a00000|100%|HC|  |TAMS 0x00000000e3900000, 0x00000000e3900000| Complete 
|  58|0x00000000e3a00000, 0x00000000e3b00000, 0x00000000e3b00000|100%|HS|  |TAMS 0x00000000e3a00000, 0x00000000e3a00000| Complete 
|  59|0x00000000e3b00000, 0x00000000e3c00000, 0x00000000e3c00000|100%|HC|  |TAMS 0x00000000e3b00000, 0x00000000e3b00000| Complete 
|  60|0x00000000e3c00000, 0x00000000e3d00000, 0x00000000e3d00000|100%|HC|  |TAMS 0x00000000e3c00000, 0x00000000e3c00000| Complete 
|  61|0x00000000e3d00000, 0x00000000e3e00000, 0x00000000e3e00000|100%|HS|  |TAMS 0x00000000e3d00000, 0x00000000e3d00000| Complete 
|  62|0x00000000e3e00000, 0x00000000e3f00000, 0x00000000e3f00000|100%|HC|  |TAMS 0x00000000e3e00000, 0x00000000e3e00000| Complete 
|  63|0x00000000e3f00000, 0x00000000e4000000, 0x00000000e4000000|100%|HC|  |TAMS 0x00000000e3f00000, 0x00000000e3f00000| Complete 
|  64|0x00000000e4000000, 0x00000000e4100000, 0x00000000e4100000|100%|HS|  |TAMS 0x00000000e4000000, 0x00000000e4000000| Complete 
|  65|0x00000000e4100000, 0x00000000e4200000, 0x00000000e4200000|100%|HC|  |TAMS 0x00000000e4100000, 0x00000000e4100000| Complete 
|  66|0x00000000e4200000, 0x00000000e4300000, 0x00000000e4300000|100%|HC|  |TAMS 0x00000000e4200000, 0x00000000e4200000| Complete 
|  67|0x00000000e4300000, 0x00000000e4400000, 0x00000000e4400000|100%|HS|  |TAMS 0x00000000e4300000, 0x00000000e4300000| Complete 
|  68|0x00000000e4400000, 0x00000000e4500000, 0x00000000e4500000|100%|HC|  |TAMS 0x00000000e4400000, 0x00000000e4400000| Complete 
|  69|0x00000000e4500000, 0x00000000e4600000, 0x00000000e4600000|100%|HS|  |TAMS 0x00000000e4500000, 0x00000000e4500000| Complete 
|  70|0x00000000e4600000, 0x00000000e4700000, 0x00000000e4700000|100%|HC|  |TAMS 0x00000000e4600000, 0x00000000e4600000| Complete 
|  71|0x00000000e4700000, 0x00000000e4800000, 0x00000000e4800000|100%|HC|  |TAMS 0x00000000e4700000, 0x00000000e4700000| Complete 
|  72|0x00000000e4800000, 0x00000000e4900000, 0x00000000e4900000|100%|HC|  |TAMS 0x00000000e4800000, 0x00000000e4800000| Complete 
|  73|0x00000000e4900000, 0x00000000e4a00000, 0x00000000e4a00000|100%|HC|  |TAMS 0x00000000e4900000, 0x00000000e4900000| Complete 
|  74|0x00000000e4a00000, 0x00000000e4b00000, 0x00000000e4b00000|100%|HC|  |TAMS 0x00000000e4a00000, 0x00000000e4a00000| Complete 
|  75|0x00000000e4b00000, 0x00000000e4c00000, 0x00000000e4c00000|100%|HS|  |TAMS 0x00000000e4b00000, 0x00000000e4b00000| Complete 
|  76|0x00000000e4c00000, 0x00000000e4c00000, 0x00000000e4d00000|  0%| F|  |TAMS 0x00000000e4c00000, 0x00000000e4c00000| Untracked 
|  77|0x00000000e4d00000, 0x00000000e4d00000, 0x00000000e4e00000|  0%| F|  |TAMS 0x00000000e4d00000, 0x00000000e4d00000| Untracked 
|  78|0x00000000e4e00000, 0x00000000e4e00000, 0x00000000e4f00000|  0%| F|  |TAMS 0x00000000e4e00000, 0x00000000e4e00000| Untracked 
|  79|0x00000000e4f00000, 0x00000000e4f00000, 0x00000000e5000000|  0%| F|  |TAMS 0x00000000e4f00000, 0x00000000e4f00000| Untracked 
|  80|0x00000000e5000000, 0x00000000e5000000, 0x00000000e5100000|  0%| F|  |TAMS 0x00000000e5000000, 0x00000000e5000000| Untracked 
|  81|0x00000000e5100000, 0x00000000e5100000, 0x00000000e5200000|  0%| F|  |TAMS 0x00000000e5100000, 0x00000000e5100000| Untracked 
|  82|0x00000000e5200000, 0x00000000e5200000, 0x00000000e5300000|  0%| F|  |TAMS 0x00000000e5200000, 0x00000000e5200000| Untracked 
|  83|0x00000000e5300000, 0x00000000e5300000, 0x00000000e5400000|  0%| F|  |TAMS 0x00000000e5300000, 0x00000000e5300000| Untracked 
|  84|0x00000000e5400000, 0x00000000e5400000, 0x00000000e5500000|  0%| F|  |TAMS 0x00000000e5400000, 0x00000000e5400000| Untracked 
|  85|0x00000000e5500000, 0x00000000e5500000, 0x00000000e5600000|  0%| F|  |TAMS 0x00000000e5500000, 0x00000000e5500000| Untracked 
|  86|0x00000000e5600000, 0x00000000e5600000, 0x00000000e5700000|  0%| F|  |TAMS 0x00000000e5600000, 0x00000000e5600000| Untracked 
|  87|0x00000000e5700000, 0x00000000e5700000, 0x00000000e5800000|  0%| F|  |TAMS 0x00000000e5700000, 0x00000000e5700000| Untracked 
|  88|0x00000000e5800000, 0x00000000e5800000, 0x00000000e5900000|  0%| F|  |TAMS 0x00000000e5800000, 0x00000000e5800000| Untracked 
|  89|0x00000000e5900000, 0x00000000e5900000, 0x00000000e5a00000|  0%| F|  |TAMS 0x00000000e5900000, 0x00000000e5900000| Untracked 
|  90|0x00000000e5a00000, 0x00000000e5a00000, 0x00000000e5b00000|  0%| F|  |TAMS 0x00000000e5a00000, 0x00000000e5a00000| Untracked 
|  91|0x00000000e5b00000, 0x00000000e5b00000, 0x00000000e5c00000|  0%| F|  |TAMS 0x00000000e5b00000, 0x00000000e5b00000| Untracked 
|  92|0x00000000e5c00000, 0x00000000e5c00000, 0x00000000e5d00000|  0%| F|  |TAMS 0x00000000e5c00000, 0x00000000e5c00000| Untracked 
|  93|0x00000000e5d00000, 0x00000000e5d00000, 0x00000000e5e00000|  0%| F|  |TAMS 0x00000000e5d00000, 0x00000000e5d00000| Untracked 
|  94|0x00000000e5e00000, 0x00000000e5e00000, 0x00000000e5f00000|  0%| F|  |TAMS 0x00000000e5e00000, 0x00000000e5e00000| Untracked 
|  95|0x00000000e5f00000, 0x00000000e5f00000, 0x00000000e6000000|  0%| F|  |TAMS 0x00000000e5f00000, 0x00000000e5f00000| Untracked 
|  96|0x00000000e6000000, 0x00000000e6000000, 0x00000000e6100000|  0%| F|  |TAMS 0x00000000e6000000, 0x00000000e6000000| Untracked 
|  97|0x00000000e6100000, 0x00000000e61b1b18, 0x00000000e6200000| 69%| S|CS|TAMS 0x00000000e6100000, 0x00000000e6100000| Complete 
|  98|0x00000000e6200000, 0x00000000e6300000, 0x00000000e6300000|100%| S|CS|TAMS 0x00000000e6200000, 0x00000000e6200000| Complete 
|  99|0x00000000e6300000, 0x00000000e6400000, 0x00000000e6400000|100%| S|CS|TAMS 0x00000000e6300000, 0x00000000e6300000| Complete 
| 100|0x00000000e6400000, 0x00000000e6500000, 0x00000000e6500000|100%| S|CS|TAMS 0x00000000e6400000, 0x00000000e6400000| Complete 
| 101|0x00000000e6500000, 0x00000000e6600000, 0x00000000e6600000|100%| S|CS|TAMS 0x00000000e6500000, 0x00000000e6500000| Complete 
| 102|0x00000000e6600000, 0x00000000e6700000, 0x00000000e6700000|100%| S|CS|TAMS 0x00000000e6600000, 0x00000000e6600000| Complete 
| 103|0x00000000e6700000, 0x00000000e6800000, 0x00000000e6800000|100%| S|CS|TAMS 0x00000000e6700000, 0x00000000e6700000| Complete 
| 104|0x00000000e6800000, 0x00000000e6900000, 0x00000000e6900000|100%| S|CS|TAMS 0x00000000e6800000, 0x00000000e6800000| Complete 
| 105|0x00000000e6900000, 0x00000000e6a00000, 0x00000000e6a00000|100%| S|CS|TAMS 0x00000000e6900000, 0x00000000e6900000| Complete 
| 106|0x00000000e6a00000, 0x00000000e6b00000, 0x00000000e6b00000|100%| S|CS|TAMS 0x00000000e6a00000, 0x00000000e6a00000| Complete 
| 107|0x00000000e6b00000, 0x00000000e6b00000, 0x00000000e6c00000|  0%| F|  |TAMS 0x00000000e6b00000, 0x00000000e6b00000| Untracked 
| 108|0x00000000e6c00000, 0x00000000e6c00000, 0x00000000e6d00000|  0%| F|  |TAMS 0x00000000e6c00000, 0x00000000e6c00000| Untracked 
| 109|0x00000000e6d00000, 0x00000000e6d00000, 0x00000000e6e00000|  0%| F|  |TAMS 0x00000000e6d00000, 0x00000000e6d00000| Untracked 
| 110|0x00000000e6e00000, 0x00000000e6e00000, 0x00000000e6f00000|  0%| F|  |TAMS 0x00000000e6e00000, 0x00000000e6e00000| Untracked 
| 111|0x00000000e6f00000, 0x00000000e6f00000, 0x00000000e7000000|  0%| F|  |TAMS 0x00000000e6f00000, 0x00000000e6f00000| Untracked 
| 112|0x00000000e7000000, 0x00000000e7000000, 0x00000000e7100000|  0%| F|  |TAMS 0x00000000e7000000, 0x00000000e7000000| Untracked 
| 113|0x00000000e7100000, 0x00000000e7100000, 0x00000000e7200000|  0%| F|  |TAMS 0x00000000e7100000, 0x00000000e7100000| Untracked 
| 114|0x00000000e7200000, 0x00000000e7200000, 0x00000000e7300000|  0%| F|  |TAMS 0x00000000e7200000, 0x00000000e7200000| Untracked 
| 115|0x00000000e7300000, 0x00000000e7300000, 0x00000000e7400000|  0%| F|  |TAMS 0x00000000e7300000, 0x00000000e7300000| Untracked 
| 116|0x00000000e7400000, 0x00000000e7400000, 0x00000000e7500000|  0%| F|  |TAMS 0x00000000e7400000, 0x00000000e7400000| Untracked 
| 117|0x00000000e7500000, 0x00000000e7500000, 0x00000000e7600000|  0%| F|  |TAMS 0x00000000e7500000, 0x00000000e7500000| Untracked 
| 118|0x00000000e7600000, 0x00000000e7600000, 0x00000000e7700000|  0%| F|  |TAMS 0x00000000e7600000, 0x00000000e7600000| Untracked 
| 119|0x00000000e7700000, 0x00000000e7700000, 0x00000000e7800000|  0%| F|  |TAMS 0x00000000e7700000, 0x00000000e7700000| Untracked 
| 120|0x00000000e7800000, 0x00000000e7800000, 0x00000000e7900000|  0%| F|  |TAMS 0x00000000e7800000, 0x00000000e7800000| Untracked 
| 121|0x00000000e7900000, 0x00000000e7900000, 0x00000000e7a00000|  0%| F|  |TAMS 0x00000000e7900000, 0x00000000e7900000| Untracked 
| 122|0x00000000e7a00000, 0x00000000e7a00000, 0x00000000e7b00000|  0%| F|  |TAMS 0x00000000e7a00000, 0x00000000e7a00000| Untracked 
| 123|0x00000000e7b00000, 0x00000000e7b00000, 0x00000000e7c00000|  0%| F|  |TAMS 0x00000000e7b00000, 0x00000000e7b00000| Untracked 
| 124|0x00000000e7c00000, 0x00000000e7c00000, 0x00000000e7d00000|  0%| F|  |TAMS 0x00000000e7c00000, 0x00000000e7c00000| Untracked 
| 125|0x00000000e7d00000, 0x00000000e7d00000, 0x00000000e7e00000|  0%| F|  |TAMS 0x00000000e7d00000, 0x00000000e7d00000| Untracked 
| 126|0x00000000e7e00000, 0x00000000e7e00000, 0x00000000e7f00000|  0%| F|  |TAMS 0x00000000e7e00000, 0x00000000e7e00000| Untracked 
| 127|0x00000000e7f00000, 0x00000000e7f00000, 0x00000000e8000000|  0%| F|  |TAMS 0x00000000e7f00000, 0x00000000e7f00000| Untracked 
| 128|0x00000000e8000000, 0x00000000e8000000, 0x00000000e8100000|  0%| F|  |TAMS 0x00000000e8000000, 0x00000000e8000000| Untracked 
| 129|0x00000000e8100000, 0x00000000e8100000, 0x00000000e8200000|  0%| F|  |TAMS 0x00000000e8100000, 0x00000000e8100000| Untracked 
| 130|0x00000000e8200000, 0x00000000e8200000, 0x00000000e8300000|  0%| F|  |TAMS 0x00000000e8200000, 0x00000000e8200000| Untracked 
| 131|0x00000000e8300000, 0x00000000e8300000, 0x00000000e8400000|  0%| F|  |TAMS 0x00000000e8300000, 0x00000000e8300000| Untracked 
| 132|0x00000000e8400000, 0x00000000e8400000, 0x00000000e8500000|  0%| F|  |TAMS 0x00000000e8400000, 0x00000000e8400000| Untracked 
| 133|0x00000000e8500000, 0x00000000e8500000, 0x00000000e8600000|  0%| F|  |TAMS 0x00000000e8500000, 0x00000000e8500000| Untracked 
| 134|0x00000000e8600000, 0x00000000e8600000, 0x00000000e8700000|  0%| F|  |TAMS 0x00000000e8600000, 0x00000000e8600000| Untracked 
| 135|0x00000000e8700000, 0x00000000e8700000, 0x00000000e8800000|  0%| F|  |TAMS 0x00000000e8700000, 0x00000000e8700000| Untracked 
| 136|0x00000000e8800000, 0x00000000e8800000, 0x00000000e8900000|  0%| F|  |TAMS 0x00000000e8800000, 0x00000000e8800000| Untracked 
| 137|0x00000000e8900000, 0x00000000e8900000, 0x00000000e8a00000|  0%| F|  |TAMS 0x00000000e8900000, 0x00000000e8900000| Untracked 
| 138|0x00000000e8a00000, 0x00000000e8a00000, 0x00000000e8b00000|  0%| F|  |TAMS 0x00000000e8a00000, 0x00000000e8a00000| Untracked 
| 139|0x00000000e8b00000, 0x00000000e8b00000, 0x00000000e8c00000|  0%| F|  |TAMS 0x00000000e8b00000, 0x00000000e8b00000| Untracked 
| 140|0x00000000e8c00000, 0x00000000e8c00000, 0x00000000e8d00000|  0%| F|  |TAMS 0x00000000e8c00000, 0x00000000e8c00000| Untracked 
| 141|0x00000000e8d00000, 0x00000000e8d00000, 0x00000000e8e00000|  0%| F|  |TAMS 0x00000000e8d00000, 0x00000000e8d00000| Untracked 
| 142|0x00000000e8e00000, 0x00000000e8e00000, 0x00000000e8f00000|  0%| F|  |TAMS 0x00000000e8e00000, 0x00000000e8e00000| Untracked 
| 143|0x00000000e8f00000, 0x00000000e8f00000, 0x00000000e9000000|  0%| F|  |TAMS 0x00000000e8f00000, 0x00000000e8f00000| Untracked 
| 144|0x00000000e9000000, 0x00000000e9000000, 0x00000000e9100000|  0%| F|  |TAMS 0x00000000e9000000, 0x00000000e9000000| Untracked 
| 145|0x00000000e9100000, 0x00000000e9100000, 0x00000000e9200000|  0%| F|  |TAMS 0x00000000e9100000, 0x00000000e9100000| Untracked 
| 146|0x00000000e9200000, 0x00000000e9200000, 0x00000000e9300000|  0%| F|  |TAMS 0x00000000e9200000, 0x00000000e9200000| Untracked 
| 147|0x00000000e9300000, 0x00000000e9300000, 0x00000000e9400000|  0%| F|  |TAMS 0x00000000e9300000, 0x00000000e9300000| Untracked 
| 148|0x00000000e9400000, 0x00000000e9400000, 0x00000000e9500000|  0%| F|  |TAMS 0x00000000e9400000, 0x00000000e9400000| Untracked 
| 149|0x00000000e9500000, 0x00000000e9500000, 0x00000000e9600000|  0%| F|  |TAMS 0x00000000e9500000, 0x00000000e9500000| Untracked 
| 150|0x00000000e9600000, 0x00000000e9600000, 0x00000000e9700000|  0%| F|  |TAMS 0x00000000e9600000, 0x00000000e9600000| Untracked 
| 151|0x00000000e9700000, 0x00000000e9700000, 0x00000000e9800000|  0%| F|  |TAMS 0x00000000e9700000, 0x00000000e9700000| Untracked 
| 152|0x00000000e9800000, 0x00000000e9800000, 0x00000000e9900000|  0%| F|  |TAMS 0x00000000e9800000, 0x00000000e9800000| Untracked 
| 153|0x00000000e9900000, 0x00000000e9900000, 0x00000000e9a00000|  0%| F|  |TAMS 0x00000000e9900000, 0x00000000e9900000| Untracked 
| 154|0x00000000e9a00000, 0x00000000e9a00000, 0x00000000e9b00000|  0%| F|  |TAMS 0x00000000e9a00000, 0x00000000e9a00000| Untracked 
| 155|0x00000000e9b00000, 0x00000000e9b00000, 0x00000000e9c00000|  0%| F|  |TAMS 0x00000000e9b00000, 0x00000000e9b00000| Untracked 
| 156|0x00000000e9c00000, 0x00000000e9c00000, 0x00000000e9d00000|  0%| F|  |TAMS 0x00000000e9c00000, 0x00000000e9c00000| Untracked 
| 157|0x00000000e9d00000, 0x00000000e9d00000, 0x00000000e9e00000|  0%| F|  |TAMS 0x00000000e9d00000, 0x00000000e9d00000| Untracked 
| 158|0x00000000e9e00000, 0x00000000e9e00000, 0x00000000e9f00000|  0%| F|  |TAMS 0x00000000e9e00000, 0x00000000e9e00000| Untracked 
| 159|0x00000000e9f00000, 0x00000000e9f00000, 0x00000000ea000000|  0%| F|  |TAMS 0x00000000e9f00000, 0x00000000e9f00000| Untracked 
| 160|0x00000000ea000000, 0x00000000ea000000, 0x00000000ea100000|  0%| F|  |TAMS 0x00000000ea000000, 0x00000000ea000000| Untracked 
| 161|0x00000000ea100000, 0x00000000ea100000, 0x00000000ea200000|  0%| F|  |TAMS 0x00000000ea100000, 0x00000000ea100000| Untracked 
| 162|0x00000000ea200000, 0x00000000ea200000, 0x00000000ea300000|  0%| F|  |TAMS 0x00000000ea200000, 0x00000000ea200000| Untracked 
| 163|0x00000000ea300000, 0x00000000ea300000, 0x00000000ea400000|  0%| F|  |TAMS 0x00000000ea300000, 0x00000000ea300000| Untracked 
| 164|0x00000000ea400000, 0x00000000ea400000, 0x00000000ea500000|  0%| F|  |TAMS 0x00000000ea400000, 0x00000000ea400000| Untracked 
| 165|0x00000000ea500000, 0x00000000ea500000, 0x00000000ea600000|  0%| F|  |TAMS 0x00000000ea500000, 0x00000000ea500000| Untracked 
| 166|0x00000000ea600000, 0x00000000ea600000, 0x00000000ea700000|  0%| F|  |TAMS 0x00000000ea600000, 0x00000000ea600000| Untracked 
| 167|0x00000000ea700000, 0x00000000ea700000, 0x00000000ea800000|  0%| F|  |TAMS 0x00000000ea700000, 0x00000000ea700000| Untracked 
| 168|0x00000000ea800000, 0x00000000ea800000, 0x00000000ea900000|  0%| F|  |TAMS 0x00000000ea800000, 0x00000000ea800000| Untracked 
| 169|0x00000000ea900000, 0x00000000ea900000, 0x00000000eaa00000|  0%| F|  |TAMS 0x00000000ea900000, 0x00000000ea900000| Untracked 
| 170|0x00000000eaa00000, 0x00000000eaa00000, 0x00000000eab00000|  0%| F|  |TAMS 0x00000000eaa00000, 0x00000000eaa00000| Untracked 
| 171|0x00000000eab00000, 0x00000000eab00000, 0x00000000eac00000|  0%| F|  |TAMS 0x00000000eab00000, 0x00000000eab00000| Untracked 
| 172|0x00000000eac00000, 0x00000000eac00000, 0x00000000ead00000|  0%| F|  |TAMS 0x00000000eac00000, 0x00000000eac00000| Untracked 
| 173|0x00000000ead00000, 0x00000000ead00000, 0x00000000eae00000|  0%| F|  |TAMS 0x00000000ead00000, 0x00000000ead00000| Untracked 
| 174|0x00000000eae00000, 0x00000000eae00000, 0x00000000eaf00000|  0%| F|  |TAMS 0x00000000eae00000, 0x00000000eae00000| Untracked 
| 175|0x00000000eaf00000, 0x00000000eaf00000, 0x00000000eb000000|  0%| F|  |TAMS 0x00000000eaf00000, 0x00000000eaf00000| Untracked 
| 176|0x00000000eb000000, 0x00000000eb000000, 0x00000000eb100000|  0%| F|  |TAMS 0x00000000eb000000, 0x00000000eb000000| Untracked 
| 177|0x00000000eb100000, 0x00000000eb100000, 0x00000000eb200000|  0%| F|  |TAMS 0x00000000eb100000, 0x00000000eb100000| Untracked 
| 178|0x00000000eb200000, 0x00000000eb200000, 0x00000000eb300000|  0%| F|  |TAMS 0x00000000eb200000, 0x00000000eb200000| Untracked 
| 179|0x00000000eb300000, 0x00000000eb300000, 0x00000000eb400000|  0%| F|  |TAMS 0x00000000eb300000, 0x00000000eb300000| Untracked 
| 180|0x00000000eb400000, 0x00000000eb400000, 0x00000000eb500000|  0%| F|  |TAMS 0x00000000eb400000, 0x00000000eb400000| Untracked 
| 181|0x00000000eb500000, 0x00000000eb500000, 0x00000000eb600000|  0%| F|  |TAMS 0x00000000eb500000, 0x00000000eb500000| Untracked 
| 182|0x00000000eb600000, 0x00000000eb600000, 0x00000000eb700000|  0%| F|  |TAMS 0x00000000eb600000, 0x00000000eb600000| Untracked 
| 183|0x00000000eb700000, 0x00000000eb700000, 0x00000000eb800000|  0%| F|  |TAMS 0x00000000eb700000, 0x00000000eb700000| Untracked 
| 184|0x00000000eb800000, 0x00000000eb800000, 0x00000000eb900000|  0%| F|  |TAMS 0x00000000eb800000, 0x00000000eb800000| Untracked 
| 185|0x00000000eb900000, 0x00000000eb900000, 0x00000000eba00000|  0%| F|  |TAMS 0x00000000eb900000, 0x00000000eb900000| Untracked 
| 186|0x00000000eba00000, 0x00000000eba00000, 0x00000000ebb00000|  0%| F|  |TAMS 0x00000000eba00000, 0x00000000eba00000| Untracked 
| 187|0x00000000ebb00000, 0x00000000ebb00000, 0x00000000ebc00000|  0%| F|  |TAMS 0x00000000ebb00000, 0x00000000ebb00000| Untracked 
| 188|0x00000000ebc00000, 0x00000000ebc00000, 0x00000000ebd00000|  0%| F|  |TAMS 0x00000000ebc00000, 0x00000000ebc00000| Untracked 
| 189|0x00000000ebd00000, 0x00000000ebd00000, 0x00000000ebe00000|  0%| F|  |TAMS 0x00000000ebd00000, 0x00000000ebd00000| Untracked 
| 190|0x00000000ebe00000, 0x00000000ebe00000, 0x00000000ebf00000|  0%| F|  |TAMS 0x00000000ebe00000, 0x00000000ebe00000| Untracked 
| 191|0x00000000ebf00000, 0x00000000ebf00000, 0x00000000ec000000|  0%| F|  |TAMS 0x00000000ebf00000, 0x00000000ebf00000| Untracked 
| 192|0x00000000ec000000, 0x00000000ec000000, 0x00000000ec100000|  0%| F|  |TAMS 0x00000000ec000000, 0x00000000ec000000| Untracked 
| 193|0x00000000ec100000, 0x00000000ec100000, 0x00000000ec200000|  0%| F|  |TAMS 0x00000000ec100000, 0x00000000ec100000| Untracked 
| 194|0x00000000ec200000, 0x00000000ec200000, 0x00000000ec300000|  0%| F|  |TAMS 0x00000000ec200000, 0x00000000ec200000| Untracked 
| 195|0x00000000ec300000, 0x00000000ec300000, 0x00000000ec400000|  0%| F|  |TAMS 0x00000000ec300000, 0x00000000ec300000| Untracked 
| 196|0x00000000ec400000, 0x00000000ec400000, 0x00000000ec500000|  0%| F|  |TAMS 0x00000000ec400000, 0x00000000ec400000| Untracked 
| 197|0x00000000ec500000, 0x00000000ec500000, 0x00000000ec600000|  0%| F|  |TAMS 0x00000000ec500000, 0x00000000ec500000| Untracked 
| 198|0x00000000ec600000, 0x00000000ec600000, 0x00000000ec700000|  0%| F|  |TAMS 0x00000000ec600000, 0x00000000ec600000| Untracked 
| 199|0x00000000ec700000, 0x00000000ec700000, 0x00000000ec800000|  0%| F|  |TAMS 0x00000000ec700000, 0x00000000ec700000| Untracked 
| 200|0x00000000ec800000, 0x00000000ec800000, 0x00000000ec900000|  0%| F|  |TAMS 0x00000000ec800000, 0x00000000ec800000| Untracked 
| 201|0x00000000ec900000, 0x00000000ec900000, 0x00000000eca00000|  0%| F|  |TAMS 0x00000000ec900000, 0x00000000ec900000| Untracked 
| 202|0x00000000eca00000, 0x00000000eca00000, 0x00000000ecb00000|  0%| F|  |TAMS 0x00000000eca00000, 0x00000000eca00000| Untracked 
| 203|0x00000000ecb00000, 0x00000000ecb00000, 0x00000000ecc00000|  0%| F|  |TAMS 0x00000000ecb00000, 0x00000000ecb00000| Untracked 
| 204|0x00000000ecc00000, 0x00000000ecc00000, 0x00000000ecd00000|  0%| F|  |TAMS 0x00000000ecc00000, 0x00000000ecc00000| Untracked 
| 205|0x00000000ecd00000, 0x00000000ecd00000, 0x00000000ece00000|  0%| F|  |TAMS 0x00000000ecd00000, 0x00000000ecd00000| Untracked 
| 206|0x00000000ece00000, 0x00000000ece00000, 0x00000000ecf00000|  0%| F|  |TAMS 0x00000000ece00000, 0x00000000ece00000| Untracked 
| 207|0x00000000ecf00000, 0x00000000ecf00000, 0x00000000ed000000|  0%| F|  |TAMS 0x00000000ecf00000, 0x00000000ecf00000| Untracked 
| 208|0x00000000ed000000, 0x00000000ed082010, 0x00000000ed100000| 50%| E|  |TAMS 0x00000000ed000000, 0x00000000ed000000| Complete 
| 209|0x00000000ed100000, 0x00000000ed200000, 0x00000000ed200000|100%| E|CS|TAMS 0x00000000ed100000, 0x00000000ed100000| Complete 
| 210|0x00000000ed200000, 0x00000000ed300000, 0x00000000ed300000|100%| E|  |TAMS 0x00000000ed200000, 0x00000000ed200000| Complete 
| 211|0x00000000ed300000, 0x00000000ed400000, 0x00000000ed400000|100%| E|CS|TAMS 0x00000000ed300000, 0x00000000ed300000| Complete 
| 212|0x00000000ed400000, 0x00000000ed500000, 0x00000000ed500000|100%| E|CS|TAMS 0x00000000ed400000, 0x00000000ed400000| Complete 
| 213|0x00000000ed500000, 0x00000000ed600000, 0x00000000ed600000|100%| E|CS|TAMS 0x00000000ed500000, 0x00000000ed500000| Complete 
| 214|0x00000000ed600000, 0x00000000ed700000, 0x00000000ed700000|100%| E|CS|TAMS 0x00000000ed600000, 0x00000000ed600000| Complete 
| 215|0x00000000ed700000, 0x00000000ed800000, 0x00000000ed800000|100%| E|CS|TAMS 0x00000000ed700000, 0x00000000ed700000| Complete 
| 216|0x00000000ed800000, 0x00000000ed900000, 0x00000000ed900000|100%| E|CS|TAMS 0x00000000ed800000, 0x00000000ed800000| Complete 
| 217|0x00000000ed900000, 0x00000000eda00000, 0x00000000eda00000|100%| E|CS|TAMS 0x00000000ed900000, 0x00000000ed900000| Complete 
| 218|0x00000000eda00000, 0x00000000edb00000, 0x00000000edb00000|100%| E|CS|TAMS 0x00000000eda00000, 0x00000000eda00000| Complete 
| 219|0x00000000edb00000, 0x00000000edc00000, 0x00000000edc00000|100%| E|CS|TAMS 0x00000000edb00000, 0x00000000edb00000| Complete 
| 220|0x00000000edc00000, 0x00000000edd00000, 0x00000000edd00000|100%| E|CS|TAMS 0x00000000edc00000, 0x00000000edc00000| Complete 
| 221|0x00000000edd00000, 0x00000000ede00000, 0x00000000ede00000|100%| E|CS|TAMS 0x00000000edd00000, 0x00000000edd00000| Complete 
| 222|0x00000000ede00000, 0x00000000edf00000, 0x00000000edf00000|100%| E|CS|TAMS 0x00000000ede00000, 0x00000000ede00000| Complete 
| 223|0x00000000edf00000, 0x00000000ee000000, 0x00000000ee000000|100%| E|CS|TAMS 0x00000000edf00000, 0x00000000edf00000| Complete 
| 224|0x00000000ee000000, 0x00000000ee100000, 0x00000000ee100000|100%| E|CS|TAMS 0x00000000ee000000, 0x00000000ee000000| Complete 
| 225|0x00000000ee100000, 0x00000000ee200000, 0x00000000ee200000|100%| E|CS|TAMS 0x00000000ee100000, 0x00000000ee100000| Complete 
| 226|0x00000000ee200000, 0x00000000ee300000, 0x00000000ee300000|100%| E|CS|TAMS 0x00000000ee200000, 0x00000000ee200000| Complete 
| 227|0x00000000ee300000, 0x00000000ee400000, 0x00000000ee400000|100%| E|CS|TAMS 0x00000000ee300000, 0x00000000ee300000| Complete 
| 228|0x00000000ee400000, 0x00000000ee500000, 0x00000000ee500000|100%| E|CS|TAMS 0x00000000ee400000, 0x00000000ee400000| Complete 
| 229|0x00000000ee500000, 0x00000000ee600000, 0x00000000ee600000|100%| E|CS|TAMS 0x00000000ee500000, 0x00000000ee500000| Complete 
| 230|0x00000000ee600000, 0x00000000ee700000, 0x00000000ee700000|100%| E|CS|TAMS 0x00000000ee600000, 0x00000000ee600000| Complete 
| 231|0x00000000ee700000, 0x00000000ee800000, 0x00000000ee800000|100%| E|CS|TAMS 0x00000000ee700000, 0x00000000ee700000| Complete 
| 232|0x00000000ee800000, 0x00000000ee900000, 0x00000000ee900000|100%| E|CS|TAMS 0x00000000ee800000, 0x00000000ee800000| Complete 
| 233|0x00000000ee900000, 0x00000000eea00000, 0x00000000eea00000|100%| E|CS|TAMS 0x00000000ee900000, 0x00000000ee900000| Complete 
| 234|0x00000000eea00000, 0x00000000eeb00000, 0x00000000eeb00000|100%| E|CS|TAMS 0x00000000eea00000, 0x00000000eea00000| Complete 
| 235|0x00000000eeb00000, 0x00000000eec00000, 0x00000000eec00000|100%| E|CS|TAMS 0x00000000eeb00000, 0x00000000eeb00000| Complete 
| 236|0x00000000eec00000, 0x00000000eed00000, 0x00000000eed00000|100%| E|CS|TAMS 0x00000000eec00000, 0x00000000eec00000| Complete 
| 237|0x00000000eed00000, 0x00000000eee00000, 0x00000000eee00000|100%| E|CS|TAMS 0x00000000eed00000, 0x00000000eed00000| Complete 
| 238|0x00000000eee00000, 0x00000000eef00000, 0x00000000eef00000|100%| E|CS|TAMS 0x00000000eee00000, 0x00000000eee00000| Complete 
| 239|0x00000000eef00000, 0x00000000ef000000, 0x00000000ef000000|100%| E|CS|TAMS 0x00000000eef00000, 0x00000000eef00000| Complete 
| 240|0x00000000ef000000, 0x00000000ef100000, 0x00000000ef100000|100%| E|CS|TAMS 0x00000000ef000000, 0x00000000ef000000| Complete 
| 241|0x00000000ef100000, 0x00000000ef200000, 0x00000000ef200000|100%| E|CS|TAMS 0x00000000ef100000, 0x00000000ef100000| Complete 
| 242|0x00000000ef200000, 0x00000000ef300000, 0x00000000ef300000|100%| E|CS|TAMS 0x00000000ef200000, 0x00000000ef200000| Complete 
| 243|0x00000000ef300000, 0x00000000ef400000, 0x00000000ef400000|100%| E|CS|TAMS 0x00000000ef300000, 0x00000000ef300000| Complete 
| 244|0x00000000ef400000, 0x00000000ef500000, 0x00000000ef500000|100%| E|CS|TAMS 0x00000000ef400000, 0x00000000ef400000| Complete 
| 245|0x00000000ef500000, 0x00000000ef600000, 0x00000000ef600000|100%| E|CS|TAMS 0x00000000ef500000, 0x00000000ef500000| Complete 
| 246|0x00000000ef600000, 0x00000000ef700000, 0x00000000ef700000|100%| E|CS|TAMS 0x00000000ef600000, 0x00000000ef600000| Complete 
| 247|0x00000000ef700000, 0x00000000ef800000, 0x00000000ef800000|100%| E|CS|TAMS 0x00000000ef700000, 0x00000000ef700000| Complete 
| 248|0x00000000ef800000, 0x00000000ef900000, 0x00000000ef900000|100%| E|CS|TAMS 0x00000000ef800000, 0x00000000ef800000| Complete 
| 249|0x00000000ef900000, 0x00000000efa00000, 0x00000000efa00000|100%| E|CS|TAMS 0x00000000ef900000, 0x00000000ef900000| Complete 
| 250|0x00000000efa00000, 0x00000000efb00000, 0x00000000efb00000|100%| E|CS|TAMS 0x00000000efa00000, 0x00000000efa00000| Complete 
| 251|0x00000000efb00000, 0x00000000efc00000, 0x00000000efc00000|100%| E|CS|TAMS 0x00000000efb00000, 0x00000000efb00000| Complete 
| 252|0x00000000efc00000, 0x00000000efd00000, 0x00000000efd00000|100%| E|CS|TAMS 0x00000000efc00000, 0x00000000efc00000| Complete 
| 253|0x00000000efd00000, 0x00000000efe00000, 0x00000000efe00000|100%| E|CS|TAMS 0x00000000efd00000, 0x00000000efd00000| Complete 
| 254|0x00000000efe00000, 0x00000000eff00000, 0x00000000eff00000|100%| E|CS|TAMS 0x00000000efe00000, 0x00000000efe00000| Complete 
| 255|0x00000000eff00000, 0x00000000f0000000, 0x00000000f0000000|100%| E|CS|TAMS 0x00000000eff00000, 0x00000000eff00000| Complete 

Card table byte_map: [0x000001dbcebe0000,0x000001dbcece0000] _byte_map_base: 0x000001dbce4e0000

Marking Bits (Prev, Next): (CMBitMap*) 0x000001dbb5b72930, (CMBitMap*) 0x000001dbb5b72970
 Prev Bits: [0x000001dbcede0000, 0x000001dbcf5e0000)
 Next Bits: [0x000001dbcf5e0000, 0x000001dbcfde0000)

Polling page: 0x000001dbb5c20000

Metaspace:

Usage:
  Non-class:     42.85 MB used.
      Class:      7.05 MB used.
       Both:     49.90 MB used.

Virtual space:
  Non-class space:       48.00 MB reserved,      43.12 MB ( 90%) committed,  6 nodes.
      Class space:      308.00 MB reserved,       7.38 MB (  2%) committed,  1 nodes.
             Both:      356.00 MB reserved,      50.50 MB ( 14%) committed. 

Chunk freelists:
   Non-Class:  640.00 KB
       Class:  672.00 KB
        Both:  1.28 MB

MaxMetaspaceSize: 384.00 MB
CompressedClassSpaceSize: 308.00 MB
Initial GC threshold: 21.00 MB
Current GC threshold: 58.69 MB
CDS: on
MetaspaceReclaimPolicy: balanced
 - commit_granule_bytes: 65536.
 - commit_granule_words: 8192.
 - virtual_space_node_default_size: 1048576.
 - enlarge_chunks_in_place: 1.
 - new_chunks_are_fully_committed: 0.
 - uncommit_free_chunks: 1.
 - use_allocation_guard: 0.
 - handle_deallocations: 1.


Internal statistics:

num_allocs_failed_limit: 6.
num_arena_births: 650.
num_arena_deaths: 0.
num_vsnodes_births: 7.
num_vsnodes_deaths: 0.
num_space_committed: 808.
num_space_uncommitted: 0.
num_chunks_returned_to_freelist: 6.
num_chunks_taken_from_freelist: 2752.
num_chunk_merges: 6.
num_chunk_splits: 1788.
num_chunks_enlarged: 1135.
num_purges: 0.
num_inconsistent_stats: 0.

CodeHeap 'non-profiled nmethods': size=119168Kb used=3408Kb max_used=3408Kb free=115759Kb
 bounds [0x000001dbc66b0000, 0x000001dbc6a10000, 0x000001dbcdb10000]
CodeHeap 'profiled nmethods': size=119104Kb used=11428Kb max_used=11428Kb free=107675Kb
 bounds [0x000001dbbf260000, 0x000001dbbfd90000, 0x000001dbc66b0000]
CodeHeap 'non-nmethods': size=7488Kb used=4020Kb max_used=4147Kb free=3468Kb
 bounds [0x000001dbbeb10000, 0x000001dbbef20000, 0x000001dbbf260000]
 total_blobs=6429 nmethods=5583 adapters=755
 compilation: enabled
              stopped_count=0, restarted_count=0
 full_count=0

Compilation events (20 events):
Event: 6.807 Thread 0x000001dbd3810e90 6270       3       org.gradle.internal.classloader.TransformReplacer$JarLoader::getJarFileLocked (104 bytes)
Event: 6.807 Thread 0x000001dbd460cb10 6271       3       org.gradle.internal.classloader.TransformReplacer::access$100 (5 bytes)
Event: 6.807 Thread 0x000001dbd39292a0 nmethod 6268 0x000001dbbfd6f210 code [0x000001dbbfd6f460, 0x000001dbbfd6ff58]
Event: 6.807 Thread 0x000001dbd39292a0 6272       3       org.gradle.internal.classloader.TransformReplacer$JarLoader::classNameToPath (20 bytes)
Event: 6.807 Thread 0x000001dbd460cb10 nmethod 6271 0x000001dbbfd70310 code [0x000001dbbfd704c0, 0x000001dbbfd70728]
Event: 6.807 Thread 0x000001dbd3929aa0 nmethod 6269 0x000001dbbfd70890 code [0x000001dbbfd70b60, 0x000001dbbfd71b08]
Event: 6.807 Thread 0x000001dbd39292a0 nmethod 6272 0x000001dbbfd72110 code [0x000001dbbfd72320, 0x000001dbbfd72888]
Event: 6.808 Thread 0x000001dbd3810e90 nmethod 6270 0x000001dbbfd72a90 code [0x000001dbbfd72e20, 0x000001dbbfd746b8]
Event: 6.813 Thread 0x000001dbd632e1b0 6273   !   4       java.util.zip.ZipFile$Source::readFullyAt (74 bytes)
Event: 6.813 Thread 0x000001dbd460cb10 6274   !   3       java.util.ServiceLoader$LazyClassPathLookupIterator::hasNextService (144 bytes)
Event: 6.814 Thread 0x000001dbd460cb10 nmethod 6274 0x000001dbbfd74f90 code [0x000001dbbfd75320, 0x000001dbbfd76718]
Event: 6.815 Thread 0x000001dbd632e1b0 nmethod 6273 0x000001dbc6a00f90 code [0x000001dbc6a01140, 0x000001dbc6a01638]
Event: 6.844 Thread 0x000001dbd39292a0 6275   !   3       java.util.zip.ZipFile$Source::get (180 bytes)
Event: 6.844 Thread 0x000001dbd3929aa0 6276       3       java.util.zip.ZipFile$Source$Key::<init> (23 bytes)
Event: 6.844 Thread 0x000001dbd3810e90 6277   !   3       jdk.internal.loader.URLClassPath$JarLoader::checkJar (51 bytes)
Event: 6.844 Thread 0x000001dbd460cb10 6278       3       jdk.internal.util.jar.JarIndex::getJarIndex (28 bytes)
Event: 6.844 Thread 0x000001dbd3929aa0 nmethod 6276 0x000001dbbfd77190 code [0x000001dbbfd77340, 0x000001dbbfd77648]
Event: 6.844 Thread 0x000001dbd3810e90 nmethod 6277 0x000001dbbfd77790 code [0x000001dbbfd77980, 0x000001dbbfd77e48]
Event: 6.844 Thread 0x000001dbd460cb10 nmethod 6278 0x000001dbbfd78090 code [0x000001dbbfd782c0, 0x000001dbbfd78d28]
Event: 6.845 Thread 0x000001dbd39292a0 nmethod 6275 0x000001dbbfd79090 code [0x000001dbbfd793a0, 0x000001dbbfd7a838]

GC Heap History (10 events):
Event: 0.541 GC heap before
{Heap before GC invocations=0 (full 0):
 garbage-first heap   total 262144K, used 26624K [0x00000000e0000000, 0x0000000100000000)
  region size 1024K, 23 young (23552K), 0 survivors (0K)
 Metaspace       used 2951K, committed 3072K, reserved 323584K
  class space    used 373K, committed 448K, reserved 315392K
}
Event: 0.546 GC heap after
{Heap after GC invocations=1 (full 0):
 garbage-first heap   total 262144K, used 10671K [0x00000000e0000000, 0x0000000100000000)
  region size 1024K, 3 young (3072K), 3 survivors (3072K)
 Metaspace       used 2951K, committed 3072K, reserved 323584K
  class space    used 373K, committed 448K, reserved 315392K
}
Event: 0.902 GC heap before
{Heap before GC invocations=1 (full 0):
 garbage-first heap   total 262144K, used 37295K [0x00000000e0000000, 0x0000000100000000)
  region size 1024K, 29 young (29696K), 3 survivors (3072K)
 Metaspace       used 4086K, committed 4224K, reserved 323584K
  class space    used 497K, committed 576K, reserved 315392K
}
Event: 0.905 GC heap after
{Heap after GC invocations=2 (full 0):
 garbage-first heap   total 262144K, used 11719K [0x00000000e0000000, 0x0000000100000000)
  region size 1024K, 1 young (1024K), 1 survivors (1024K)
 Metaspace       used 4086K, committed 4224K, reserved 323584K
  class space    used 497K, committed 576K, reserved 315392K
}
Event: 3.188 GC heap before
{Heap before GC invocations=2 (full 0):
 garbage-first heap   total 262144K, used 136647K [0x00000000e0000000, 0x0000000100000000)
  region size 1024K, 124 young (126976K), 1 survivors (1024K)
 Metaspace       used 21185K, committed 21504K, reserved 339968K
  class space    used 3123K, committed 3264K, reserved 315392K
}
Event: 3.195 GC heap after
{Heap after GC invocations=3 (full 0):
 garbage-first heap   total 262144K, used 22864K [0x00000000e0000000, 0x0000000100000000)
  region size 1024K, 12 young (12288K), 12 survivors (12288K)
 Metaspace       used 21185K, committed 21504K, reserved 339968K
  class space    used 3123K, committed 3264K, reserved 315392K
}
Event: 4.628 GC heap before
{Heap before GC invocations=4 (full 0):
 garbage-first heap   total 262144K, used 153936K [0x00000000e0000000, 0x0000000100000000)
  region size 1024K, 126 young (129024K), 12 survivors (12288K)
 Metaspace       used 35584K, committed 35968K, reserved 348160K
  class space    used 4921K, committed 5120K, reserved 315392K
}
Event: 4.638 GC heap after
{Heap after GC invocations=5 (full 0):
 garbage-first heap   total 262144K, used 45832K [0x00000000e0000000, 0x0000000100000000)
  region size 1024K, 12 young (12288K), 12 survivors (12288K)
 Metaspace       used 35584K, committed 35968K, reserved 348160K
  class space    used 4921K, committed 5120K, reserved 315392K
}
Event: 6.480 GC heap before
{Heap before GC invocations=6 (full 0):
 garbage-first heap   total 262144K, used 190216K [0x00000000e0000000, 0x0000000100000000)
  region size 1024K, 149 young (152576K), 12 survivors (12288K)
 Metaspace       used 48551K, committed 49088K, reserved 364544K
  class space    used 6872K, committed 7104K, reserved 315392K
}
Event: 6.491 GC heap after
{Heap after GC invocations=7 (full 0):
 garbage-first heap   total 262144K, used 57616K [0x00000000e0000000, 0x0000000100000000)
  region size 1024K, 10 young (10240K), 10 survivors (10240K)
 Metaspace       used 48551K, committed 49088K, reserved 364544K
  class space    used 6872K, committed 7104K, reserved 315392K
}

Deoptimization events (20 events):
Event: 6.620 Thread 0x000001dbd663bc00 DEOPT PACKING pc=0x000001dbc6754b94 sp=0x00000043413f6630
Event: 6.620 Thread 0x000001dbd663bc00 DEOPT UNPACKING pc=0x000001dbbeb623a3 sp=0x00000043413f65e8 mode 2
Event: 6.629 Thread 0x000001dbd663bc00 Uncommon trap: trap_request=0xffffff45 fr.pc=0x000001dbc686f744 relative=0x00000000000016c4
Event: 6.629 Thread 0x000001dbd663bc00 Uncommon trap: reason=unstable_if action=reinterpret pc=0x000001dbc686f744 method=java.util.WeakHashMap.matchesKey(Ljava/util/WeakHashMap$Entry;Ljava/lang/Object;)Z @ 5 c2
Event: 6.629 Thread 0x000001dbd663bc00 DEOPT PACKING pc=0x000001dbc686f744 sp=0x00000043413f5880
Event: 6.629 Thread 0x000001dbd663bc00 DEOPT UNPACKING pc=0x000001dbbeb623a3 sp=0x00000043413f5808 mode 2
Event: 6.638 Thread 0x000001dbd663bc00 Uncommon trap: trap_request=0xffffffdc fr.pc=0x000001dbc69dafc4 relative=0x00000000000002a4
Event: 6.638 Thread 0x000001dbd663bc00 Uncommon trap: reason=class_check action=make_not_entrant pc=0x000001dbc69dafc4 method=java.util.ArrayList.toArray([Ljava/lang/Object;)[Ljava/lang/Object; @ 21 c2
Event: 6.638 Thread 0x000001dbd663bc00 DEOPT PACKING pc=0x000001dbc69dafc4 sp=0x00000043413f5200
Event: 6.638 Thread 0x000001dbd663bc00 DEOPT UNPACKING pc=0x000001dbbeb623a3 sp=0x00000043413f51c0 mode 2
Event: 6.642 Thread 0x000001dbd663bc00 Uncommon trap: trap_request=0xffffffc6 fr.pc=0x000001dbc6754b94 relative=0x00000000000039b4
Event: 6.642 Thread 0x000001dbd663bc00 Uncommon trap: reason=bimorphic_or_optimized_type_check action=maybe_recompile pc=0x000001dbc6754b94 method=org.codehaus.groovy.runtime.metaclass.MetaMethodIndex.isOverridden(Lgroovy/lang/MetaMethod;Lgroovy/lang/MetaMethod;)Z @ 10 c2
Event: 6.642 Thread 0x000001dbd663bc00 DEOPT PACKING pc=0x000001dbc6754b94 sp=0x00000043413f52b0
Event: 6.642 Thread 0x000001dbd663bc00 DEOPT UNPACKING pc=0x000001dbbeb623a3 sp=0x00000043413f5268 mode 2
Event: 6.778 Thread 0x000001dbd663bc00 Uncommon trap: trap_request=0xffffff45 fr.pc=0x000001dbc6935254 relative=0x0000000000000714
Event: 6.778 Thread 0x000001dbd663bc00 Uncommon trap: reason=unstable_if action=reinterpret pc=0x000001dbc6935254 method=java.lang.Integer.stringSize(I)I @ 3 c2
Event: 6.778 Thread 0x000001dbd663bc00 DEOPT PACKING pc=0x000001dbc6935254 sp=0x00000043413fc400
Event: 6.778 Thread 0x000001dbd663bc00 DEOPT UNPACKING pc=0x000001dbbeb623a3 sp=0x00000043413fc350 mode 2
Event: 6.843 Thread 0x000001dbd663bc00 DEOPT PACKING pc=0x000001dbbf67125c sp=0x00000043413fb3d0
Event: 6.843 Thread 0x000001dbd663bc00 DEOPT UNPACKING pc=0x000001dbbeb62b43 sp=0x00000043413fa950 mode 0

Classes unloaded (0 events):
No events

Classes redefined (0 events):
No events

Internal exceptions (20 events):
Event: 6.645 Thread 0x000001dbd663bc00 Exception <a 'java/lang/ClassNotFoundException'{0x00000000eea14050}: org/gradle/api/internal/artifacts/configurations/DefaultConfigurationBeanInfo> (0x00000000eea14050) 
thrown [t:\workspace\open\src\hotspot\share\classfile\systemDictionary.cpp, line 256]
Event: 6.645 Thread 0x000001dbd663bc00 Exception <a 'java/lang/ClassNotFoundException'{0x00000000eea2b130}: org/gradle/api/internal/file/AbstractFileCollectionBeanInfo> (0x00000000eea2b130) 
thrown [t:\workspace\open\src\hotspot\share\classfile\systemDictionary.cpp, line 256]
Event: 6.645 Thread 0x000001dbd663bc00 Exception <a 'java/lang/ClassNotFoundException'{0x00000000eea41c90}: org/gradle/api/internal/file/AbstractFileCollectionCustomizer> (0x00000000eea41c90) 
thrown [t:\workspace\open\src\hotspot\share\classfile\systemDictionary.cpp, line 256]
Event: 6.647 Thread 0x000001dbd663bc00 Exception <a 'java/lang/ClassNotFoundException'{0x00000000eea6cdf8}: org/gradle/api/internal/artifacts/configurations/DefaultConfigurationCustomizer> (0x00000000eea6cdf8) 
thrown [t:\workspace\open\src\hotspot\share\classfile\systemDictionary.cpp, line 256]
Event: 6.649 Thread 0x000001dbd663bc00 Exception <a 'java/lang/ClassNotFoundException'{0x00000000eeadc968}: org/gradle/api/internal/artifacts/configurations/DefaultUnlockedConfigurationCustomizer> (0x00000000eeadc968) 
thrown [t:\workspace\open\src\hotspot\share\classfile\systemDictionary.cpp, line 256]
Event: 6.650 Thread 0x000001dbd663bc00 Exception <a 'java/lang/ClassNotFoundException'{0x00000000ee9045d8}: org/gradle/api/internal/artifacts/configurations/DefaultUnlockedConfiguration_DecoratedCustomizer> (0x00000000ee9045d8) 
thrown [t:\workspace\open\src\hotspot\share\classfile\systemDictionary.cpp, line 256]
Event: 6.661 Thread 0x000001dbd663bc00 Exception <a 'java/lang/ClassNotFoundException'{0x00000000ee55bba8}: org/gradle/api/internal/artifacts/dsl/DefaultRepositoryHandler_DecoratedBeanInfo> (0x00000000ee55bba8) 
thrown [t:\workspace\open\src\hotspot\share\classfile\systemDictionary.cpp, line 256]
Event: 6.661 Thread 0x000001dbd663bc00 Exception <a 'java/lang/ClassNotFoundException'{0x00000000ee5743b0}: org/gradle/api/internal/artifacts/dsl/DefaultRepositoryHandlerBeanInfo> (0x00000000ee5743b0) 
thrown [t:\workspace\open\src\hotspot\share\classfile\systemDictionary.cpp, line 256]
Event: 6.662 Thread 0x000001dbd663bc00 Exception <a 'java/lang/ClassNotFoundException'{0x00000000ee58d020}: org/gradle/api/internal/artifacts/DefaultArtifactRepositoryContainerBeanInfo> (0x00000000ee58d020) 
thrown [t:\workspace\open\src\hotspot\share\classfile\systemDictionary.cpp, line 256]
Event: 6.662 Thread 0x000001dbd663bc00 Exception <a 'java/lang/ClassNotFoundException'{0x00000000ee5a29f0}: org/gradle/api/internal/DefaultNamedDomainObjectListBeanInfo> (0x00000000ee5a29f0) 
thrown [t:\workspace\open\src\hotspot\share\classfile\systemDictionary.cpp, line 256]
Event: 6.663 Thread 0x000001dbd663bc00 Exception <a 'java/lang/ClassNotFoundException'{0x00000000ee5b83d8}: org/gradle/api/internal/DefaultNamedDomainObjectListCustomizer> (0x00000000ee5b83d8) 
thrown [t:\workspace\open\src\hotspot\share\classfile\systemDictionary.cpp, line 256]
Event: 6.664 Thread 0x000001dbd663bc00 Exception <a 'java/lang/ClassNotFoundException'{0x00000000ee5eb930}: org/gradle/api/internal/artifacts/DefaultArtifactRepositoryContainerCustomizer> (0x00000000ee5eb930) 
thrown [t:\workspace\open\src\hotspot\share\classfile\systemDictionary.cpp, line 256]
Event: 6.666 Thread 0x000001dbd663bc00 Exception <a 'java/lang/ClassNotFoundException'{0x00000000ee417318}: org/gradle/api/internal/artifacts/dsl/DefaultRepositoryHandlerCustomizer> (0x00000000ee417318) 
thrown [t:\workspace\open\src\hotspot\share\classfile\systemDictionary.cpp, line 256]
Event: 6.669 Thread 0x000001dbd663bc00 Exception <a 'java/lang/ClassNotFoundException'{0x00000000ee4500b8}: org/gradle/api/internal/artifacts/dsl/DefaultRepositoryHandler_DecoratedCustomizer> (0x00000000ee4500b8) 
thrown [t:\workspace\open\src\hotspot\share\classfile\systemDictionary.cpp, line 256]
Event: 6.683 Thread 0x000001dbd663bc00 Exception <a 'java/lang/ClassNotFoundException'{0x00000000ee055460}: org/gradle/api/internal/tasks/DefaultTaskContainer_DecoratedBeanInfo> (0x00000000ee055460) 
thrown [t:\workspace\open\src\hotspot\share\classfile\systemDictionary.cpp, line 256]
Event: 6.684 Thread 0x000001dbd663bc00 Exception <a 'java/lang/ClassNotFoundException'{0x00000000ee067020}: org/gradle/api/internal/tasks/DefaultTaskContainerBeanInfo> (0x00000000ee067020) 
thrown [t:\workspace\open\src\hotspot\share\classfile\systemDictionary.cpp, line 256]
Event: 6.685 Thread 0x000001dbd663bc00 Exception <a 'java/lang/ClassNotFoundException'{0x00000000ee078c00}: org/gradle/api/internal/tasks/DefaultTaskCollectionBeanInfo> (0x00000000ee078c00) 
thrown [t:\workspace\open\src\hotspot\share\classfile\systemDictionary.cpp, line 256]
Event: 6.685 Thread 0x000001dbd663bc00 Exception <a 'java/lang/ClassNotFoundException'{0x00000000ee08aa18}: org/gradle/api/internal/tasks/DefaultTaskCollectionCustomizer> (0x00000000ee08aa18) 
thrown [t:\workspace\open\src\hotspot\share\classfile\systemDictionary.cpp, line 256]
Event: 6.687 Thread 0x000001dbd663bc00 Exception <a 'java/lang/ClassNotFoundException'{0x00000000ee0ccf28}: org/gradle/api/internal/tasks/DefaultTaskContainerCustomizer> (0x00000000ee0ccf28) 
thrown [t:\workspace\open\src\hotspot\share\classfile\systemDictionary.cpp, line 256]
Event: 6.689 Thread 0x000001dbd663bc00 Exception <a 'java/lang/ClassNotFoundException'{0x00000000edf328e0}: org/gradle/api/internal/tasks/DefaultTaskContainer_DecoratedCustomizer> (0x00000000edf328e0) 
thrown [t:\workspace\open\src\hotspot\share\classfile\systemDictionary.cpp, line 256]

VM Operations (20 events):
Event: 5.089 Executing VM operation: HandshakeAllThreads
Event: 5.089 Executing VM operation: HandshakeAllThreads done
Event: 5.260 Executing VM operation: ICBufferFull
Event: 5.260 Executing VM operation: ICBufferFull done
Event: 5.452 Executing VM operation: HandshakeAllThreads
Event: 5.452 Executing VM operation: HandshakeAllThreads done
Event: 5.466 Executing VM operation: ICBufferFull
Event: 5.466 Executing VM operation: ICBufferFull done
Event: 5.549 Executing VM operation: HandshakeAllThreads
Event: 5.549 Executing VM operation: HandshakeAllThreads done
Event: 5.699 Executing VM operation: ICBufferFull
Event: 5.699 Executing VM operation: ICBufferFull done
Event: 6.010 Executing VM operation: ICBufferFull
Event: 6.010 Executing VM operation: ICBufferFull done
Event: 6.157 Executing VM operation: ICBufferFull
Event: 6.158 Executing VM operation: ICBufferFull done
Event: 6.478 Executing VM operation: ICBufferFull
Event: 6.478 Executing VM operation: ICBufferFull done
Event: 6.480 Executing VM operation: G1CollectForAllocation
Event: 6.491 Executing VM operation: G1CollectForAllocation done

Events (20 events):
Event: 6.624 loading class java/util/AbstractCollectionCustomizer
Event: 6.624 loading class java/util/AbstractCollectionCustomizer done
Event: 6.687 loading class sun/reflect/generics/tree/LongSignature
Event: 6.687 loading class sun/reflect/generics/tree/LongSignature done
Event: 6.722 loading class java/util/concurrent/atomic/AtomicReferenceFieldUpdater
Event: 6.722 loading class java/util/concurrent/atomic/AtomicReferenceFieldUpdater done
Event: 6.722 loading class java/util/concurrent/atomic/AtomicReferenceFieldUpdater$AtomicReferenceFieldUpdaterImpl
Event: 6.723 loading class java/util/concurrent/atomic/AtomicReferenceFieldUpdater$AtomicReferenceFieldUpdaterImpl done
Event: 6.723 loading class java/util/concurrent/atomic/AtomicReferenceFieldUpdater$AtomicReferenceFieldUpdaterImpl$1
Event: 6.723 loading class java/util/concurrent/atomic/AtomicReferenceFieldUpdater$AtomicReferenceFieldUpdaterImpl$1 done
Event: 6.769 loading class java/lang/management/RuntimeMXBean
Event: 6.769 loading class java/lang/management/RuntimeMXBean done
Event: 6.769 loading class java/util/stream/ReduceOps$2
Event: 6.769 loading class java/util/stream/ReduceOps$2 done
Event: 6.769 loading class java/util/stream/ReduceOps$2ReducingSink
Event: 6.769 loading class java/util/stream/ReduceOps$2ReducingSink done
Event: 6.769 loading class sun/management/RuntimeImpl
Event: 6.770 loading class sun/management/RuntimeImpl done
Event: 6.783 loading class java/io/NotSerializableException
Event: 6.783 loading class java/io/NotSerializableException done


Dynamic libraries:
0x00007ff7a2ac0000 - 0x00007ff7a2ace000 	C:\jdk-17\bin\java.exe
0x00007ffcfc490000 - 0x00007ffcfc688000 	C:\Windows\SYSTEM32\ntdll.dll
0x00007ffcfa8e0000 - 0x00007ffcfa99d000 	C:\Windows\System32\KERNEL32.DLL
0x00007ffcf9e10000 - 0x00007ffcfa106000 	C:\Windows\System32\KERNELBASE.dll
0x00007ffcfa110000 - 0x00007ffcfa210000 	C:\Windows\System32\ucrtbase.dll
0x00007ffcf3f30000 - 0x00007ffcf3f4a000 	C:\jdk-17\bin\VCRUNTIME140.dll
0x00007ffcf3f10000 - 0x00007ffcf3f28000 	C:\jdk-17\bin\jli.dll
0x00007ffcfa720000 - 0x00007ffcfa8be000 	C:\Windows\System32\USER32.dll
0x00007ffcfa4b0000 - 0x00007ffcfa4d2000 	C:\Windows\System32\win32u.dll
0x00007ffcfa5c0000 - 0x00007ffcfa5ec000 	C:\Windows\System32\GDI32.dll
0x00007ffcfa360000 - 0x00007ffcfa47a000 	C:\Windows\System32\gdi32full.dll
0x00007ffce3260000 - 0x00007ffce34fa000 	C:\Windows\WinSxS\amd64_microsoft.windows.common-controls_6595b64144ccf1df_6.0.19041.3636_none_60b6a03d71f818d5\COMCTL32.dll
0x00007ffcf9b60000 - 0x00007ffcf9bfd000 	C:\Windows\System32\msvcp_win.dll
0x00007ffcfbdd0000 - 0x00007ffcfbe6e000 	C:\Windows\System32\msvcrt.dll
0x00007ffcfb180000 - 0x00007ffcfb1b0000 	C:\Windows\System32\IMM32.DLL
0x00007ffcf3f00000 - 0x00007ffcf3f0c000 	C:\jdk-17\bin\vcruntime140_1.dll
0x00007ffcdf4c0000 - 0x00007ffcdf54d000 	C:\jdk-17\bin\msvcp140.dll
0x00007ffc94720000 - 0x00007ffc952de000 	C:\jdk-17\bin\server\jvm.dll
0x00007ffcfbf20000 - 0x00007ffcfbfd3000 	C:\Windows\System32\ADVAPI32.dll
0x00007ffcfb4a0000 - 0x00007ffcfb53f000 	C:\Windows\System32\sechost.dll
0x00007ffcfb540000 - 0x00007ffcfb666000 	C:\Windows\System32\RPCRT4.dll
0x00007ffcfa480000 - 0x00007ffcfa4a7000 	C:\Windows\System32\bcrypt.dll
0x00007ffcfb2e0000 - 0x00007ffcfb2e8000 	C:\Windows\System32\PSAPI.DLL
0x00007ffcee2f0000 - 0x00007ffcee317000 	C:\Windows\SYSTEM32\WINMM.dll
0x00007ffcee780000 - 0x00007ffcee78a000 	C:\Windows\SYSTEM32\VERSION.dll
0x00007ffcde4a0000 - 0x00007ffcde4a9000 	C:\Windows\SYSTEM32\WSOCK32.dll
0x00007ffcfb1b0000 - 0x00007ffcfb21b000 	C:\Windows\System32\WS2_32.dll
0x00007ffcf79f0000 - 0x00007ffcf7a02000 	C:\Windows\SYSTEM32\kernel.appcore.dll
0x00007ffcf3ef0000 - 0x00007ffcf3efa000 	C:\jdk-17\bin\jimage.dll
0x00007ffceb090000 - 0x00007ffceb274000 	C:\Windows\SYSTEM32\DBGHELP.DLL
0x00007ffce6110000 - 0x00007ffce6144000 	C:\Windows\SYSTEM32\dbgcore.DLL
0x00007ffcfa2d0000 - 0x00007ffcfa352000 	C:\Windows\System32\bcryptPrimitives.dll
0x00007ffcf3ee0000 - 0x00007ffcf3eee000 	C:\jdk-17\bin\instrument.dll
0x00007ffcf3eb0000 - 0x00007ffcf3ed5000 	C:\jdk-17\bin\java.dll
0x00007ffccf910000 - 0x00007ffccf9e6000 	C:\jdk-17\bin\svml.dll
0x00007ffcfb680000 - 0x00007ffcfbdc5000 	C:\Windows\System32\SHELL32.dll
0x00007ffcf7bf0000 - 0x00007ffcf838b000 	C:\Windows\SYSTEM32\windows.storage.dll
0x00007ffcfae20000 - 0x00007ffcfb174000 	C:\Windows\System32\combase.dll
0x00007ffcf93e0000 - 0x00007ffcf940d000 	C:\Windows\SYSTEM32\Wldp.dll
0x00007ffcfbe70000 - 0x00007ffcfbf1d000 	C:\Windows\System32\SHCORE.dll
0x00007ffcfc370000 - 0x00007ffcfc3c5000 	C:\Windows\System32\shlwapi.dll
0x00007ffcf9a90000 - 0x00007ffcf9ab5000 	C:\Windows\SYSTEM32\profapi.dll
0x00007ffcf3e90000 - 0x00007ffcf3ea8000 	C:\jdk-17\bin\zip.dll
0x00007ffce70a0000 - 0x00007ffce70b9000 	C:\jdk-17\bin\net.dll
0x00007ffcf0d30000 - 0x00007ffcf0e3a000 	C:\Windows\SYSTEM32\WINHTTP.dll
0x00007ffcf91c0000 - 0x00007ffcf922a000 	C:\Windows\system32\mswsock.dll
0x00007ffce3630000 - 0x00007ffce3645000 	C:\jdk-17\bin\nio.dll
0x00007ffcec2e0000 - 0x00007ffcec2f0000 	C:\jdk-17\bin\verify.dll
0x00007ffce0c80000 - 0x00007ffce0ca7000 	C:\Users\JUNG\.gradle\native\c067742578af261105cb4f569cf0c3c89f3d7b1fecec35dd04571415982c5e48\windows-amd64\native-platform.dll
0x00007ffccc9a0000 - 0x00007ffcccae4000 	C:\Users\JUNG\.gradle\native\38dada09dfb8b06ba9b0570ebf7e218e3eb74d4ef43ca46872605cf95ebc2f47\windows-amd64\native-platform-file-events.dll
0x00007ffce7090000 - 0x00007ffce7099000 	C:\jdk-17\bin\management.dll
0x00007ffce4db0000 - 0x00007ffce4dbb000 	C:\jdk-17\bin\management_ext.dll
0x00007ffcf9420000 - 0x00007ffcf9438000 	C:\Windows\SYSTEM32\CRYPTSP.dll
0x00007ffcf8b10000 - 0x00007ffcf8b44000 	C:\Windows\system32\rsaenh.dll
0x00007ffcf9a10000 - 0x00007ffcf9a3e000 	C:\Windows\SYSTEM32\USERENV.dll
0x00007ffcf9350000 - 0x00007ffcf935c000 	C:\Windows\SYSTEM32\CRYPTBASE.dll
0x00007ffcf8ed0000 - 0x00007ffcf8f0b000 	C:\Windows\SYSTEM32\IPHLPAPI.DLL
0x00007ffcfa9a0000 - 0x00007ffcfa9a8000 	C:\Windows\System32\NSI.dll
0x00007ffcf2370000 - 0x00007ffcf2387000 	C:\Windows\SYSTEM32\dhcpcsvc6.DLL
0x00007ffcf2340000 - 0x00007ffcf235d000 	C:\Windows\SYSTEM32\dhcpcsvc.DLL
0x00007ffcf8f10000 - 0x00007ffcf8fda000 	C:\Windows\SYSTEM32\DNSAPI.dll
0x00007ffce3620000 - 0x00007ffce362e000 	C:\jdk-17\bin\sunmscapi.dll
0x00007ffcf9cb0000 - 0x00007ffcf9e0d000 	C:\Windows\System32\CRYPT32.dll
0x00007ffcf9600000 - 0x00007ffcf9628000 	C:\Windows\SYSTEM32\ncrypt.dll
0x00007ffcf95c0000 - 0x00007ffcf95fb000 	C:\Windows\SYSTEM32\NTASN1.dll
0x00007ffcf19b0000 - 0x00007ffcf19b7000 	C:\Windows\system32\wshunix.dll

dbghelp: loaded successfully - version: 4.0.5 - missing functions: none
symbol engine: initialized successfully - sym options: 0x614 - pdb path: .;C:\jdk-17\bin;C:\Windows\SYSTEM32;C:\Windows\WinSxS\amd64_microsoft.windows.common-controls_6595b64144ccf1df_6.0.19041.3636_none_60b6a03d71f818d5;C:\jdk-17\bin\server;C:\Users\JUNG\.gradle\native\c067742578af261105cb4f569cf0c3c89f3d7b1fecec35dd04571415982c5e48\windows-amd64;C:\Users\JUNG\.gradle\native\38dada09dfb8b06ba9b0570ebf7e218e3eb74d4ef43ca46872605cf95ebc2f47\windows-amd64

VM Arguments:
jvm_args: --add-opens=java.base/java.util=ALL-UNNAMED --add-opens=java.base/java.lang=ALL-UNNAMED --add-opens=java.base/java.lang.invoke=ALL-UNNAMED --add-opens=java.prefs/java.util.prefs=ALL-UNNAMED --add-opens=java.base/java.nio.charset=ALL-UNNAMED --add-opens=java.base/java.net=ALL-UNNAMED --add-opens=java.base/java.util.concurrent.atomic=ALL-UNNAMED -XX:MaxMetaspaceSize=384m -XX:+HeapDumpOnOutOfMemoryError -Xms256m -Xmx512m -Dfile.encoding=UTF-8 -Duser.country=KR -Duser.language=ko -Duser.variant -javaagent:C:\Users\JUNG\.gradle\wrapper\dists\gradle-8.5-bin\5t9huq95ubn472n8rpzujfbqh\gradle-8.5\lib\agents\gradle-instrumentation-agent-8.5.jar 
java_command: org.gradle.launcher.daemon.bootstrap.GradleDaemon 8.5
java_class_path (initial): C:\Users\JUNG\.gradle\wrapper\dists\gradle-8.5-bin\5t9huq95ubn472n8rpzujfbqh\gradle-8.5\lib\gradle-launcher-8.5.jar
Launcher Type: SUN_STANDARD

[Global flags]
     intx CICompilerCount                          = 12                                        {product} {ergonomic}
   size_t CompressedClassSpaceSize                 = 322961408                                 {product} {ergonomic}
     uint ConcGCThreads                            = 3                                         {product} {ergonomic}
     uint G1ConcRefinementThreads                  = 13                                        {product} {ergonomic}
   size_t G1HeapRegionSize                         = 1048576                                   {product} {ergonomic}
    uintx GCDrainStackTargetSize                   = 64                                        {product} {ergonomic}
     bool HeapDumpOnOutOfMemoryError               = true                                   {manageable} {command line}
   size_t InitialHeapSize                          = 268435456                                 {product} {command line}
   size_t MarkStackSize                            = 4194304                                   {product} {ergonomic}
   size_t MaxHeapSize                              = 536870912                                 {product} {command line}
   size_t MaxMetaspaceSize                         = 402653184                                 {product} {command line}
   size_t MaxNewSize                               = 321912832                                 {product} {ergonomic}
   size_t MinHeapDeltaBytes                        = 1048576                                   {product} {ergonomic}
   size_t MinHeapSize                              = 268435456                                 {product} {command line}
    uintx NonNMethodCodeHeapSize                   = 7602480                                {pd product} {ergonomic}
    uintx NonProfiledCodeHeapSize                  = 122027880                              {pd product} {ergonomic}
    uintx ProfiledCodeHeapSize                     = 122027880                              {pd product} {ergonomic}
    uintx ReservedCodeCacheSize                    = 251658240                              {pd product} {ergonomic}
     bool SegmentedCodeCache                       = true                                      {product} {ergonomic}
   size_t SoftMaxHeapSize                          = 536870912                              {manageable} {ergonomic}
     bool UseCompressedClassPointers               = true                           {product lp64_product} {ergonomic}
     bool UseCompressedOops                        = true                           {product lp64_product} {ergonomic}
     bool UseG1GC                                  = true                                      {product} {ergonomic}
     bool UseLargePagesIndividualAllocation        = false                                  {pd product} {ergonomic}

Logging:
Log output configuration:
 #0: stdout all=warning uptime,level,tags
 #1: stderr all=off uptime,level,tags

Environment Variables:
JAVA_HOME=C:\Program Files\Zulu\zulu-11\bin
PATH=C:\jdk-17\bin\;C:\Program Files (x86)\VMware\VMware Workstation\bin\;C:\Program Files (x86)\Python37-32\Scripts\;C:\Program Files (x86)\Python37-32\;C:\Program Files\Common Files\Oracle\Java\javapath;C:\Program Files (x86)\NAT Service;C:\Windows\system32;C:\Windows;C:\Windows\System32\Wbem;C:\Windows\System32\WindowsPowerShell\v1.0\;C:\Windows\System32\OpenSSH\;C:\Program Files\nodejs\;C:\Program Files\Git\cmd;C:\Program Files\Perforce\;C:\portapps\oracle-jdk-portable\app\bin;C:\Users\JUNG\cmder;C:\Program Files\MySQL\MySQL Server 8.0\bin;C:\Program Files\PuTTY\;C:\Users\JUNG\AppData\Local\Programs\Python\Python39\Lib;C:\Users\JUNG\AppData\Local\Programs\Python\Python39\Scripts;C:\Users\JUNG\AppData\Local\Programs\Python\Python39\Scripts;C:\Program Files\MongoDB\Server\6.0\bin;C:\Program Files\Docker\Docker\resources\bin;C:\Users\JUNG\AppData\Local\Microsoft\WindowsApps;C:\Program Files\Bandizip\;C:\Users\JUNG\AppData\Local\Programs\Microsoft VS Code\bin;C:\Users\JUNG\AppData\Roaming\npm;C:\Bitnami\wampstack-7.4.16-1\mysql\bin;C:\portapps\oracle-jdk-portable\app\bin;C:\Program Files\JetBrains\PyCharm Community Edition 2021.1.2\bin;C:\Users\JUNG\.dotnet\tools;C:\Program Files\JetBrains\IntelliJ IDEA Community Edition 2022.2.4\bin;C:\Program Files\JetBrains\IntelliJ IDEA 2022.3\bin;C:\Program Files\JetBrains\PyCharm 2022.3.1\bin;C:\Program Files\JetBrains\IntelliJ IDEA 2023.2.3\bin;
USERNAME=JUNG
OS=Windows_NT
PROCESSOR_IDENTIFIER=AMD64 Family 23 Model 96 Stepping 1, AuthenticAMD



---------------  S Y S T E M  ---------------

OS:
 Windows 10 , 64 bit Build 19041 (10.0.19041.3636)
OS uptime: 3 days 21:19 hours
Hyper-V role detected

CPU: total 16 (initial active 16) (16 cores per cpu, 2 threads per core) family 23 model 96 stepping 1 microcode 0x0, cx8, cmov, fxsr, ht, mmx, 3dnowpref, sse, sse2, sse3, ssse3, sse4a, sse4.1, sse4.2, popcnt, lzcnt, tsc, tscinvbit, avx, avx2, aes, clmul, bmi1, bmi2, adx, sha, fma, vzeroupper, clflush, clflushopt, hv

Memory: 4k page, system-wide physical 15679M (1937M free)
TotalPageFile size 17727M (AvailPageFile size 7M)
current process WorkingSet (physical memory assigned to process): 460M, peak: 463M
current process commit charge ("private bytes"): 545M, peak: 549M

vm_info: OpenJDK 64-Bit Server VM (17+35-2724) for windows-amd64 JRE (17+35-2724), built on Aug  5 2021 23:26:02 by "mach5one" with MS VC++ 16.8 (VS2019)

END.
